!      ---- Modo de Desenho da Barra ---
BU
!      ---- Tamanho da Fonte das Legendas ---
F 1
!      ---- Cores (Fundo - Identificador - Numero - Valor - Grid - Fluxo Ativo - Fluxo Reativo)---
RF 255 255 255
RI 128 0 128
RN 128 0 128
RV 0 0 255
RG 0 0 0
RA 0 0 255
RR 255 0 0
!      ---- Grupos Base de Tensão ----
!Ten  lar  R   G   B ID
G 13.8 1 0 255 0  0
G 230 1 255 0 128  1
!    ---- Componentes ----
!Numero Tipo Rot Hac Px Py Cor sl SubTp ch1 ch2 ch3 ch4 Descrip
C 29  1 257 4   -448   -176  1  0 -  1  0  0  0 0
C 39  1 257 4   -336   -176  2  0 -  3  0  0  0 0
C 41  1 257 4   -208   -176  2  0 -  5  0  0  0 0
C 43  1 513 5    -80   -176  2  0 -  7  0  0  0 0
C 45  1 513 4   -208    -96  2  0 -  9  0  0  0 0
C 58  1 513 4   -336     16  2  0 -  8  0  0  0 0
C 61  1 257 5   -208     64  2  0 -  6  0  0  0 0
C 63  1 257 5    -80     64  2  0 -  4  0  0  0 0
C 65  1 257 5     48     64  1  0 -  2  0  0  0 0
C 73  9 3 1   -384   -160  0  0 -  1  1  3  0 0
C 81  9 1 1    -16     80  0  0 -  1  2  4  0 0
C121  4 1 0   -496   -160  1  0 -  1  1  0  0 87
C141  4 3 0    112     80  1  0 -  1  2  0  0 87
C158  5 0 0   -224   -112  2  0 -  1  5  0  0 87
C161  5 0 0    -16    -96  2  0 -  1  7  0  0 87
C164  5 0 0   -160    -16  2  0 -  1  9  0  0 87
C167  5 0 0   -384    112  2  0 -  1  8  0  0 87
C170  5 0 0   -256    160  2  0 -  1  6  0  0 87
!      ---- Linhas ----
!Numero Tipo hac sl De Para ch1 nsg segmentos
L84 14 1 0  39  41  1  1 34 
L85 14 0 0  41  43  1  1 35 
L86 14 0 0  63  61  1  1 36 
L88 14 0 0  61  58  1  1 38 
L101 14 1 0  39  58  1  1 41 
L108 14 0 0  45  43  1  1 48 
L111 14 0 0  58  45  1  1 50 
L120 14 1 0  63  43  1  1 54 
!     ---- Ligacoes ----
!Numero Flags cor Inic Coni Fin Conf Linhas nqb quebras
U27 0  1  73   1  29   2  -1   0 
U28 0  2  73   2  39   2  -1   0 
U31 0  1  81   1  65   2  -1   0 
U32 0  2  81   2  63   2  -1   0 
U34 0  2  39   2  41   2  84   0 
U35 0  2  41   2  43   2  85   0 
U36 0  2  63   2  61   2  86   0 
U38 0  2  61   2  58   5  88   0 
U41 0  2  39   2  58   2 101   0 
U48 0  2  45   3  43   3 108   0 
U50 0  2  58   2  45   4 111   0 
U54 0  2  63   1  43   2 120   1     -80   -144
U55 0  1 121   1  29   2  -1   0 
U56 0  1 141   1  65   2  -1   0 
U57 0  2 158   1  41   2  -1   0 
U58 0  2 161   1  43   3  -1   0 
U59 0  2 164   1  45   3  -1   0 
U60 0  2 167   1  58   3  -1   0 
U61 0  2 170   1  61   2  -1   0 
!    ---- Posição de Legenda de Componentes ----
!NumCompo Label Rot Px Py
X  39  2  1     0.00     8.00
X  58  0  1     0.00   -20.00
X  63  0  1     0.00   -20.00
X 170  1  0    -3.00   -14.00
!     ---- Posição de Legenda de Ligacoes ----
!Lado NumLig Label Px Py
YI  41  1    -0.00   -17.70
YI  41  2     0.00    26.43
YI  54  1     2.93   -19.16
YI  54  2    14.01    14.04
YF  54  1   -24.34    26.67
YF  54  2   -93.22    33.90
