!      ---- Modo de Desenho da Barra ---
BU
!      ---- Tamanho da Fonte das Legendas ---
F 1
!      ---- Cores (Fundo - Identificador - Numero - Valor - Grid - Fluxo Ativo - Fluxo Reativo)---
RF 255 255 255
RI 128 0 128
RN 128 0 128
RV 0 0 255
RG 0 0 0
RA 0 0 255
RR 255 0 0
!      ---- Grupos Base de Tensão ----
!Ten  lar  R   G   B ID
G 13.8 1 0 0 0  D
G 69 1 255 0 255  J
G 230 1 0 128 0  O
G 138 2 200 200 0  M
G 500 1 0 0 0  S
G 115 1 0 0 0  L
G 999 1 0 0 0  Z
G 11 1 0 0 0  B
G 34.5 2 255 128 64  H
G 88 1 0 0 0  K
G 345 1 0 0 0  Q
G 289 1 0 0 0  P
G 13.2 1 0 0 0  C
G 440 1 0 0 0  R
G 20 1 0 0 0  F
G 6.9 1 0 0 0  A
G 765 1 0 0 0  U
G 525 1 0 0 0  T
G 23 1 0 0 0  G
G 14.4 1 0 0 0  E
G 161 1 0 0 0  N
G 18 1 0 0 0  V
G 1 1 0 0 0  0
!    ---- Componentes ----
!Numero Tipo Rot Hac Px Py Cor sl SubTp ch1 ch2 ch3 ch4 Descrip
C822  1 8193 0      0    -16  2  0 - 10401  0  0  0 0
C823  1 3073 0    160    -16  7  0 - 10422  0  0  0 0
C824  1 2561 0    320    -16  3  0 - 10400  0  0  0 0
C825  1 257 0    480    -16  7  0 - 10424  0  0  0 0
C826  1 257 0    640    -16  1  0 - 10425  0  0  0 0
C829  1 257 0    480     80  7  0 - 10426  0  0  0 0
C830  1 257 0    640     80  1  0 - 10427  0  0  0 0
C833  1 257 0    480    176  7  0 - 10428  0  0  0 0
C834  1 257 0    640    176  1  0 - 10429  0  0  0 0
C837  1 513 0    480    272  3  0 - 10110  0  0  0 0
C840  1 257 0    480    416  3  0 - 10755  0  0  0 0
C843  1 257 0    320    512  1  0 - 10423  0  0  0 0
C849  1 257 0    160    752  2  0 - 10351  0  0  0 0
C851  1 513 0    160    848  2  0 - 10360  0  0  0 0
C854  1 769 0    160    992  2  0 - 10370  0  0  0 0
C858  1 257 0    160   1184  2  0 - 10394  0  0  0 0
C860  1 257 0    160   1280  2  0 - 10395  0  0  0 0
C862  1 257 0    160   1376  2  0 - 10460  0  0  0 0
C864  1 257 0    160   1472  2  0 - 10402  0  0  0 0
C827  9 3 0    560      0  0  0 -  1 10424 10425  0 87
C828  9 3 0    400      0  0  0 -  1 10400 10424  0 87
C831  9 3 0    560     96  0  0 -  1 10426 10427  0 87
C832  9 3 0    400     96  0  0 -  1 10400 10426  0 87
C835  9 3 0    560    192  0  0 -  1 10428 10429  0 87
C836  9 3 0    400    192  0  0 -  1 10400 10428  0 87
C842  9 -1 0    240      0  0  0 -  1 10400 10422  0 87
C844  9 3 0    240    528  0  0 -  1 10422 10423  0 87
C845  9 -1 0     80      0  0  0 -  1 10422 10401  0 87
C846  9 -1 0     80    624  0  0 -  1 10424 10401  0 87
C847  9 -1 0     80    672  0  0 -  1 10426 10401  0 87
C848  9 -1 0     80    720  0  0 -  1 10428 10401  0 87
!      ---- Linhas ----
!Numero Tipo hac sl De Para ch1 nsg segmentos
L838 14 0 0 837 824  1  1 392 
L839 14 0 0 837 824  2  1 393 
L841 14 0 0 824 840  1  1 394 
L850 14 0 0 849 822  1  1 407 
L852 14 0 0 822 851  1  1 408 
L853 14 0 0 822 851  2  1 409 
L855 14 0 0 822 854  1  1 410 
L856 14 0 0 822 854  2  1 411 
L857 14 0 0 822 854  3  1 412 
L859 14 0 0 822 858  1  1 413 
L861 14 0 0 822 860  1  1 414 
L863 14 0 0 862 822  1  1 415 
L865 14 1 0 864 822  1  1 416 
!     ---- Ligacoes ----
!Numero Flags cor Inic Coni Fin Conf Linhas nqb quebras
U380 0  7 827   1 825   2  -1   0 
U381 0  1 827   2 826   2  -1   0 
U382 0  3 828   1 824   2  -1   0 
U383 0  7 828   2 825   2  -1   0 
U384 0  7 831   1 829   2  -1   0 
U385 0  1 831   2 830   2  -1   0 
U386 0  3 832   1 824   8  -1   0 
U387 0  7 832   2 829   2  -1   0 
U388 0  7 835   1 833   2  -1   0 
U389 0  1 835   2 834   2  -1   0 
U390 0  3 836   1 824  14  -1   0 
U391 0  7 836   2 833   2  -1   0 
U392 0  3 824  20 837   2 838   0 
U393 0  3 824  23 837   5 839   0 
U394 0  3 824  29 840   2 841   0 
U395 0  7 842   2 823   2  -1   0 
U396 0  3 842   1 824   2  -1   0 
U397 0  7 844   1 823  35  -1   0 
U398 0  1 844   2 843   2  -1   0 
U399 0  2 845   2 822   2  -1   0 
U400 0  7 845   1 823   2  -1   0 
U401 0  2 846   2 822  41  -1   0 
U402 0  7 846   1 825   2  -1   0 
U403 0  2 847   2 822  44  -1   0 
U404 0  7 847   1 829   2  -1   0 
U405 0  2 848   2 822  47  -1   0 
U406 0  7 848   1 833   2  -1   0 
U407 0  2 822  50 849   2 850   0 
U408 0  2 822  56 851   2 852   0 
U409 0  2 822  59 851   5 853   0 
U410 0  2 822  65 854   2 855   0 
U411 0  2 822  68 854   5 856   0 
U412 0  2 822  71 854   8 857   0 
U413 0  2 822  77 858   2 859   0 
U414 0  2 822  83 860   2 861   0 
U415 0  2 822  89 862   2 863   0 
U416 0  2 822  95 864   2 865   0 
!    ---- Posição de Legenda de Componentes ----
!NumCompo Label Rot Px Py
!     ---- Posição de Legenda de Ligacoes ----
!Lado NumLig Label Px Py
