!      ---- Modo de Desenho da Barra ---
BU
!      ---- Tamanho da Fonte das Legendas ---
F 1
!      ---- Cores (Fundo - Identificador - Numero - Valor - Grid - Fluxo Ativo - Fluxo Reativo)---
RF 255 255 255
RI 128 0 128
RN 128 0 128
RV 0 0 255
RG 0 0 0
RA 0 0 255
RR 255 0 0
!      ---- Grupos Base de Tensão ----
!Ten  lar  R   G   B ID
G 13.8 1 0 0 0  D
G 69 1 255 0 255  J
G 230 1 0 128 0  O
G 138 1 255 255 0  M
G 500 5 255 23 29  S
G 0 1 0 0 0  L
G 1 1 0 0 0  Z
G 0 1 0 0 0  B
G 0 1 0 0 0  H
G 0 1 0 0 0  K
G 0 1 0 0 0  Q
G 0 1 0 0 0  P
G 0 1 0 0 0  C
G 0 1 0 0 0  R
G 0 1 0 0 0  F
G 0 1 0 0 0  A
G 0 1 0 0 0  U
G 0 1 0 0 0  T
G 0 1 0 0 0  G
G 0 1 0 0 0  E
G 0 1 0 0 0  N
G 0 1 0 0 0  V
!    ---- Componentes ----
!Numero Tipo Rot Hac Px Py Cor sl SubTp ch1 ch2 ch3 ch4 Descrip
C801  1 7937 -1 2.94934 -103.006  3  0 - 10400  0  0  0 0
C802  1 5889 -1    160    -16  7  0 - 10422  0  0  0 0
C803  1 5633 0    320    -16  2  0 - 10401  0  0  0 0
C804  1 257 -1    480    -16  7  0 - 10424  0  0  0 0
C805  1 257 -1    640    -16  1  0 - 10425  0  0  0 0
C808  1 257 -1    480     80  7  0 - 10426  0  0  0 0
C809  1 257 -1    640     80  1  0 - 10427  0  0  0 0
C812  1 257 -1    480    176  7  0 - 10428  0  0  0 0
C813  1 257 -1    640    176  1  0 - 10429  0  0  0 0
C816  1 257 -1    480    272  2  0 - 10351  0  0  0 0
C821  1 769 -1    480    512  2  0 - 10370  0  0  0 0
C825  1 257 -1    480    704  2  0 - 10394  0  0  0 0
C827  1 257 -1    480    800  2  0 - 10395  0  0  0 0
C829  1 257 -1    480    896  2  0 - 10460  0  0  0 0
C831  1 257 0    480    992  2  0 - 10402  0  0  0 0
C834  1 257 -1    320   1040  1  0 - 10423  0  0  0 0
C840  1 7425 0 -1423.84 443.114  3  0 - 10110  0  0  0 0
C843  1 257 -1 202.111 1343.49  3  0 - 10755  0  0  0 0
C3535  1 3073 0 -693.581 787.766  7  0 - 10120  0  0  0 0
C3536  1 2561 0 -533.581 787.766  5  0 - 10012  0  0  0 0
C3538  1 257 0 -373.581 835.766  7  0 - 10121  0  0  0 0
C3539  1 257 0 -213.581 835.766  1  0 - 10124  0  0  0 0
C3542  1 513 0 -377.581 898.766  7  0 - 10122  0  0  0 0
C3543  1 257 0 -213.581 931.766  1  0 - 10125  0  0  0 0
C3546  1 257 0 -373.581 1027.77  7  0 - 10126  0  0  0 0
C3547  1 257 0 -213.581 1027.77  1  0 - 10128  0  0  0 0
C3550  1 257 0 -373.581 1123.77  5  0 - 10222  0  0  0 0
C3552  1 257 0 -373.581 1219.77  5  0 - 10223  0  0  0 0
C3555  1 257 0 -533.581 1315.77  1  0 - 10123  0  0  0 0
C3561  1 2561 0 -1252.62 1084.64  7  0 - 10130  0  0  0 0
C3562  1 2049 0 -1092.62 1084.64  4  0 - 10111  0  0  0 0
C3563  1 513 0 -936.621 1067.64  7  0 - 10131  0  0  0 0
C3564  1 257 0 -772.621 1084.64  1  0 - 10134  0  0  0 0
C3567  1 257 0 -932.621 1180.64  7  0 - 10132  0  0  0 0
C3568  1 257 0 -772.621 1180.64  1  0 - 10135  0  0  0 0
C3571  1 257 -1 -932.621 1276.64  4  0 - 10312  0  0  0 0
C3573  1 513 0 -932.621 1372.64  4  0 - 10313  0  0  0 0
C3577  1 257 0 -1092.62 1516.64  1  0 - 10133  0  0  0 0
C3582  1 1027 0 -1533.71 530.54  3  0 - 10405  0  0  0 0
C3584  1 513 0 -1839.41 509.837  3  0 - 10410  0  0  0 0
C3589  1 1025 -1  -1170 1660.51  3  0 - 10510  0  0  0 0
C7313  1 1025 0 -1965.39 292.02  2  0 - 10417  0  0  0 0
C7314  1 257 0 -1805.39 292.02  1  0 - 10418  0  0  0 0
C7318  1 513 0 -1805.39 388.02  2  0 - 10416  0  0  0 0
C14649  1 257 -1 357.354 1337.59  3  0 - 10500  0  0  0 0
C14651  1 1025 0 -1632.28 354.323  3  0 - 10419  0  0  0 0
C806  9 3 0    560      0  0  0 -  1 10424 10425  0 0
C807  9 -1 1    400      0  0  0 -  1 10424 10401  0 0
C810  9 3 0    560     96  0  0 -  1 10426 10427  0 0
C811  9 -1 1    400     96  0  0 -  1 10426 10401  0 0
C814  9 3 0    560    192  0  0 -  1 10428 10429  0 0
C815  9 -1 1    400    192  0  0 -  1 10428 10401  0 0
C833  9 3 1    240      0  0  0 -  1 10422 10401  0 0
C835  9 3 0    240   1056  0  0 -  1 10422 10423  0 0
C836  9 3 0 82.3366 0.891682  0  0 -  1 10400 10422  0 0
C837  9 3 0 93.4163 459.236  0  0 -  1 10400 10424  0 0
C838  9 3 0 93.4163 507.236  0  0 -  1 10400 10426  0 0
C839  9 3 0 93.4163 555.236  0  0 -  1 10400 10428  0 0
C3540  9 3 0 -293.581 851.766  0  0 -  1 10121 10124  0 0
C3544  9 3 0 -293.581 947.766  0  0 -  1 10122 10125  0 0
C3545  9 3 1 -453.581 947.766  0  0 -  1 10012 10122  0 0
C3548  9 3 0 -293.581 1043.77  0  0 -  1 10126 10128  0 0
C3549  9 3 0 -453.581 1043.77  0  0 -  1 10012 10126  0 0
C3554  9 -1 1 -613.581 803.766  0  0 -  1 10012 10120  0 0
C3556  9 3 0 -613.581 1331.77  0  0 -  1 10120 10123  0 0
C3557  9 -1 1 -773.581 803.766  0  0 -  1 10120 10110  0 0
C3558  9 -1 0 -809.581 850.766  0  0 -  1 10121 10110  0 0
C3559  9 -1 1 -809.581 914.766  0  0 -  1 10122 10110  0 0
C3565  9 3 0 -852.621 1100.64  0  0 -  1 10131 10134  0 0
C3566  9 -1 0 -1012.62 1100.64  0  0 -  1 10131 10111  0 0
C3569  9 3 0 -852.621 1196.64  0  0 -  1 10132 10135  0 0
C3570  9 -1 0 -1012.62 1196.64  0  0 -  1 10132 10111  0 0
C3576  9 3 0 -1172.62 1100.64  0  0 -  1 10130 10111  0 0
C3578  9 3 0 -1172.62 1532.64  0  0 -  1 10130 10133  0 0
C3579  9 3 0 -1332.62 1100.64  0  0 -  1 10110 10130  0 0
C3580  9 3 0 -1336.62 1163.64  0  0 -  1 10110 10131  0 0
C3581  9 3 0 -1336.62 1211.64  0  0 -  1 10110 10132  0 0
C7315  5 3 0 -1725.39 308.02  1  0 -  1 10418  0  0 0
C7316  9 3 0 -1885.39 308.02  0  0 -  1 10417 10418  0 0
C7317  9 3 0 -1885.39 356.02  0  0 -  2 10417 10418  0 0
C14652  9 1 0 -1717.21 437.546  0  0 -  1 10419 10416  0 0
C14653  9 1 0 -1712.24 402.707  0  0 -  2 10419 10416  0 0
!      ---- Linhas ----
!Numero Tipo hac sl De Para ch1 nsg segmentos
L817 14 1 0 816 803  1  1 381 
L822 14 1 0 803 821  1  1 384 
L823 14 1 0 803 821  2  1 385 
L824 14 1 0 803 821  3  1 386 
L826 14 1 0 803 825  1  1 387 
L828 14 1 0 803 827  1  1 388 
L830 14 0 0 829 803  1  1 389 
L832 14 1 0 831 803  1  1 390 
L841 14 0 0 840 801  1  1 403 
L842 14 0 0 840 801  2  1 404 
L844 14 0 0 801 843  1  1 405 
L3551 14 0 0 3536 3550  1  1 1759 
L3553 14 0 0 3536 3552  1  1 1760 
L3572 14 0 0 3562 3571  1  1 1781 
L3574 14 0 0 3562 3573  1  1 1782 
L3575 14 0 0 3562 3573  2  1 1783 
L3583 14 1 0 3582 840  1  1 1794 
L3585 14 0 0 3584 840  1  1 1795 
L3590 14 0 0 840 3589  1  1 1798 
L3591 14 0 0 840 3589  2  1 1799 
L3592 14 0 0 840 3589  3  1 1800 
L7319 14 0 0 7318 7313  1  1 3725 
L7320 14 0 0 7318 7313  2  1 3726 
L14650 14 0 0 843 14649  1  1 7456 
L14654 14 0 0 3582 14651  1  1 7461 
L14655 14 0 0 14651 3584  1  1 7462 
!     ---- Ligacoes ----
!Numero Flags cor Inic Coni Fin Conf Linhas nqb quebras
U369 0  7 806   1 804   2  -1   0 
U370 0  1 806   2 805   2  -1   0 
U371 0  2 807   2 803   2  -1   0 
U372 0  7 807   1 804   2  -1   0 
U373 0  7 810   1 808   2  -1   0 
U374 0  1 810   2 809   2  -1   0 
U375 0  2 811   2 803   8  -1   0 
U376 0  7 811   1 808   2  -1   0 
U377 0  7 814   1 812   2  -1   0 
U378 0  1 814   2 813   2  -1   0 
U379 0  2 815   2 803  14  -1   0 
U380 0  7 815   1 812   2  -1   0 
U381 0  2 803  20 816   2 817   0 
U384 0  2 803  35 821   2 822   0 
U385 0  2 803  38 821   5 823   0 
U386 0  2 803  41 821   8 824   0 
U387 0  2 803  47 825   2 826   0 
U388 0  2 803  53 827   2 828   0 
U389 0  2 803  59 829   2 830   0 
U390 0  2 803  65 831   2 832   0 
U391 0  7 833   1 802   2  -1   0 
U392 0  2 833   2 803   2  -1   0 
U393 0  7 835   1 802  68  -1   0 
U394 0  1 835   2 834   2  -1   0 
U395 0  3 836   1 801   8  -1   0 
U396 0  7 836   2 802   2  -1   0 
U397 0  3 837   1 801  36  -1   0 
U398 0  7 837   2 804   2  -1   0 
U399 0  3 838   1 801  39  -1   0 
U400 0  7 838   2 808   2  -1   0 
U401 0  3 839   1 801  42  -1   0 
U402 0  7 839   2 812   2  -1   0 
U403 0  3 801  41 840   6 841   0 
U404 0  3 801  43 840   9 842   0 
U405 0  3 801  92 843   2 844   0 
U1747 0  7 3540   1 3538   2  -1   0 
U1748 0  1 3540   2 3539   2  -1   0 
U1751 0  7 3544   1 3542   4  -1   0 
U1752 0  1 3544   2 3543   2  -1   0 
U1753 0  5 3545   1 3536  11  -1   0 
U1754 0  7 3545   2 3542   4  -1   0 
U1755 0  7 3548   1 3546   2  -1   0 
U1756 0  1 3548   2 3547   2  -1   0 
U1757 0  5 3549   1 3536  17  -1   0 
U1758 0  7 3549   2 3546   2  -1   0 
U1759 0  5 3536  23 3550   2 3551   0 
U1760 0  5 3536  29 3552   2 3553   0 
U1761 0  7 3554   2 3535   2  -1   0 
U1762 0  5 3554   1 3536   2  -1   0 
U1763 0  7 3556   1 3535  35  -1   0 
U1764 0  1 3556   2 3555   2  -1   0 
U1765 0  3 3557   2 840  23  -1   0 
U1766 0  7 3557   1 3535   2  -1   0 
U1767 0  3 3558   2 840  26  -1   0 
U1768 0  7 3558   1 3538   2  -1   0 
U1769 0  3 3559   2 840  30  -1   0 
U1770 0  7 3559   1 3542   2  -1   0 
U1773 0  7 3565   1 3563   3  -1   0 
U1774 0  1 3565   2 3564   2  -1   0 
U1775 0  4 3566   2 3562   2  -1   0 
U1776 0  7 3566   1 3563   3  -1   0 
U1777 0  7 3569   1 3567   2  -1   0 
U1778 0  1 3569   2 3568   2  -1   0 
U1779 0  4 3570   2 3562   8  -1   0 
U1780 0  7 3570   1 3567   2  -1   0 
U1781 0  4 3562  14 3571   2 3572   0 
U1782 0  4 3562  20 3573   2 3574   0 
U1783 0  4 3562  23 3573   5 3575   0 
U1784 0  7 3576   1 3561   2  -1   0 
U1785 0  4 3576   2 3562   2  -1   0 
U1786 0  7 3578   1 3561  29  -1   0 
U1787 0  1 3578   2 3577   2  -1   0 
U1788 0  3 3579   1 840  42  -1   0 
U1789 0  7 3579   2 3561   2  -1   0 
U1790 0  3 3580   1 840  46  -1   0 
U1791 0  7 3580   2 3563   5  -1   0 
U1792 0  3 3581   1 840  49  -1   0 
U1793 0  7 3581   2 3567   3  -1   0 
U1794 0  3 840   1 3582   6 3583   0 
U1795 0  3 840  11 3584  15 3585   0 
U1798 0  3 840  78 3589   2 3590   0 
U1799 0  3 840  81 3589   5 3591   0 
U1800 0  3 840  84 3589   8 3592   0 
U3720 0  1 7315   1 7314   2  -1   0 
U3721 0  2 7316   1 7313   2  -1   0 
U3722 0  1 7316   2 7314   2  -1   0 
U3723 0  2 7317   1 7313   5  -1   0 
U3724 0  1 7317   2 7314   2  -1   0 
U3725 0  2 7313   8 7318   2 7319   0 
U3726 0  2 7313  11 7318   5 7320   0 
U7456 0  3 843   2 14649   2 14650   0 
U7457 0  3 14651   6 14652   1  -1   0 
U7458 0  2 7318   4 14652   2  -1   0 
U7459 0  3 14651   4 14653   1  -1   0 
U7460 0  2 7318   2 14653   2  -1   0 
U7461 0  3 3582  10 14651   3 14654   0 
U7462 0  3 14651  15 3584   2 14655   0 
!    ---- Posição de Legenda de Componentes ----
!NumCompo Label Rot Px Py
X 801  0  1   -90.83    52.79
X 801  1  1   -50.39    38.66
X 840  2  1     0.00     8.00
X 843  0  1     0.00   -20.00
X 843  2  1   -49.29    -3.11
X 7318  0  1     0.00   -20.00
!     ---- Posição de Legenda de Ligacoes ----
!Lado NumLig Label Px Py
YI 404  1   -96.00   -96.00
YF 1765  1    47.80    -6.62
YF 1769  1     4.13    -4.52
YI 1794  1    28.09    -2.61
YI 1795  1     1.49   -10.32
YI 1800  1    -7.62    -9.69
YF 7462  1    47.13   -13.06
YF 7462  2    21.84    10.95
