 
 
Numero do incremento de carga:  36
Carregamento do sistema =   123.0245
Arquivo Historico: CONT_001.SAV          
Caso #29
Parametro de Continuacao: Carregamento do Sistema
Inverso da norma do vetor tangente:    4000.    
X------------------X-----------------------X
      Barra               Vetor Tangente    
 Num.      Nome        Tensao      Angulo   
X-----X------------X-----------X-----------X
 10430 CIDNOV-AM069  -18.47      -26.56    
 10402 MANAU2-AM069  -17.28      -21.31    
 10345 CONSE2-AM069  -15.66      -15.43    
 10450 SJOSE--AM069  -15.35      -17.21    
 10451 PLACIB-AM069  -13.21      -11.86    
 10421 CESPEC-AM069  -11.05      -10.29    
 10350 CACHO2-AM069  -11.04      -10.43    
 10492 MARAPA-AM069  -10.99      -10.21    
 10420 DISTR1-AM069  -10.95      -9.845    
 10440 DISTR2-AM069  -10.81      -9.118    
 10445 TAMBAQ-AM069  -10.61      -8.435    
 10513 MUBL4D-AM069  -10.57      -8.186    
 10509 MUBL4M-AM069  -10.57      -8.183    
 10320 MAUAB1-AM069  -10.56      -8.128    
 10325 MAUAB2-AM069  -10.56      -8.121    
 10335 MAUA2M-AM069  -10.54      -8.075    
 10344 CONSE1-AM069  -10.50      -7.876    
 10505 MAUA-3-AM069  -10.50      -7.872    
 10447 PIETBQUTE013  -9.673      -6.839    
 10384 MAU3-4-AM000  -6.824      -2.811    
 10012 LECHUG-AM500   2.915     -0.1311    
 10310 DI-4---AM138  -2.730     -0.2739    
 10504 MAUA-3-AM138  -2.724     -0.2447    
 10411 BALBI1UHE013   2.065     -0.3952    
 10410 BALBIN-AM230   2.004     -0.1850    
 10406 CROCHAUTE013   1.972     -0.2383    
 10418 P.FIG.-AM013   1.961      0.1581    
 10419 P.FIG.-AM230   1.947     -0.7833E-01
 10417 P.FIG.-AM069   1.937      0.1510E-01
 10416 P.FIG.-AM069   1.934      0.3456E-02
 10405 CROCHA-AM230   1.828      0.2731E-01
 10110 LECHUG-AM230   1.817      0.4008E-01
 10120 LECHU1-AM000   1.802      0.4169E-01
 10312 RIOPTE-AM138   1.444      0.3449    
 10111 LECHUG-AM138   1.430      0.2922    
 10700 JARAQ2-AM138   1.386      0.3256    
 10313 AMAZON-AM138   1.385      0.3181    
 10130 LECHU1-AM000   1.347      0.3348    
 10132 LECHU3-AM000   1.347      0.3348    
 10400 MANAUS-AM230  0.7593      0.2206    
 10401 MANA1A-AM069  0.7323      0.2795    
 10422 MANA-1-AM000  0.7205      0.2989    
 10424 MANA-2-AM000  0.7184      0.3025    
 10426 MANA-3-AM000  0.7184      0.3025    
 10428 MANA-4-AM000  0.7184      0.3025    
 10394 SHOPMA-AM069  0.7167      0.2955    
 10370 FLORES-AM069  0.7121      0.2948    
 10379 AMBEV--AM069  0.7121      0.2949    
 10395 SERING-AM069  0.7098      0.3021    
 10351 CACHO1-AM069  0.7068      0.3033    
 10490 REDENC-AM069  0.7033      0.2969    
 10300 APAREC-AM069  0.6925      0.3117    
 10380 PNEGRA-AM069  0.6811      0.2906    
 10391 PIEPNGUTE013  0.6776      0.2429    
 10390 PIEPNG-AM069  0.6743      0.2765    
 10515 AMAZON-AM069  0.6660      0.3398    
 10393 PISMAE-AM069  0.6647      0.2967    
 10437 STAETE-AM069  0.6573      0.3568    
 10460 STOANT-AM069  0.6496      0.3733    
 10466 SIVAM--AM069  0.6453      0.3807    
 10435 MANAUA-AM069  0.6278      0.3408    
 10485 IRANDU-AM069  0.4875      0.2404    
 10510 J.TEIX-AM230  0.4874      0.1956    
 10306 IRANDU-AM138  0.4772      0.2376    
 10511 J.TEIX-AM138  0.4612      0.1950    
 10550 DISTR3-AM138  0.4600      0.1948    
 10361 JTEIX1-AM000  0.4592      0.1952    
 10362 JTEIX2-AM000  0.4592      0.1952    
 10364 JTEIX4-AM000  0.4592      0.1952    
 10369 JTEIX5-AM000  0.4592      0.1952    
 10363 JTEIX3-AM000  0.4591      0.1952    
 10520 MUTIRA-AM138  0.4483      0.1960    
 10530 CGRAND-AM138  0.4398      0.1982    
 10480 MANACA-AM069  0.4394      0.2748    
 10540 COMPEN-AM138  0.4386      0.2036    
 10308 PARQ10-AM138  0.4384      0.1981    
 10545 CENTRO-AM138  0.4373      0.2009    
 10461 JARAQU-AM069  0.4081      0.3587    
 10500 MAUA-3-AM230 -0.3567      0.2171    
 
 
Numero do incremento de carga:  37
Carregamento do sistema =   116.7556
Arquivo Historico: CONT_001.SAV          
Caso #30
Parametro de Continuacao: Tensao na barra 10430 CIDNOV-AM069
Inverso da norma do vetor tangente:    201.6    
X------------------X-----------------------X
      Barra               Vetor Tangente    
 Num.      Nome        Tensao      Angulo   
X-----X------------X-----------X-----------X
 10430 CIDNOV-AM069  -1.000      -1.440    
 10402 MANAU2-AM069 -0.9347      -1.149    
 10345 CONSE2-AM069 -0.8463     -0.8263    
 10450 SJOSE--AM069 -0.8285     -0.9237    
 10451 PLACIB-AM069 -0.7114     -0.6319    
 10421 CESPEC-AM069 -0.5925     -0.5455    
 10350 CACHO2-AM069 -0.5919     -0.5534    
 10492 MARAPA-AM069 -0.5896     -0.5412    
 10420 DISTR1-AM069 -0.5875     -0.5218    
 10440 DISTR2-AM069 -0.5796     -0.4826    
 10445 TAMBAQ-AM069 -0.5690     -0.4455    
 10513 MUBL4D-AM069 -0.5675     -0.4329    
 10509 MUBL4M-AM069 -0.5674     -0.4328    
 10320 MAUAB1-AM069 -0.5666     -0.4298    
 10325 MAUAB2-AM069 -0.5665     -0.4295    
 10335 MAUA2M-AM069 -0.5659     -0.4270    
 10344 CONSE1-AM069 -0.5634     -0.4163    
 10505 MAUA-3-AM069 -0.5634     -0.4162    
 10447 PIETBQUTE013 -0.5187     -0.3588    
 10384 MAU3-4-AM000 -0.3652     -0.1461    
 10012 LECHUG-AM500  0.1523     -0.1318E-01
 10310 DI-4---AM138 -0.1452     -0.1396E-01
 10504 MAUA-3-AM138 -0.1449     -0.1250E-01
 10418 P.FIG.-AM013  0.9601E-01  0.6228E-02
 10110 LECHUG-AM230  0.9529E-01 -0.2172E-02
 10405 CROCHA-AM230  0.9513E-01 -0.2739E-02
 10419 P.FIG.-AM230  0.9474E-01 -0.6994E-02
 10417 P.FIG.-AM069  0.9454E-01 -0.1768E-02
 10120 LECHU1-AM000  0.9451E-01 -0.2056E-02
 10416 P.FIG.-AM069  0.9433E-01 -0.2419E-02
 10410 BALBIN-AM230  0.9305E-01 -0.1151E-01
 10406 CROCHAUTE013  0.9020E-01 -0.1564E-01
 10411 BALBI1UHE013  0.8699E-01 -0.2075E-01
 10312 RIOPTE-AM138  0.7790E-01  0.1903E-01
 10111 LECHUG-AM138  0.7668E-01  0.1546E-01
 10700 JARAQ2-AM138  0.7456E-01  0.1783E-01
 10313 AMAZON-AM138  0.7448E-01  0.1732E-01
 10130 LECHU1-AM000  0.7246E-01  0.1869E-01
 10132 LECHU3-AM000  0.7246E-01  0.1869E-01
 
 
Numero do incremento de carga:  38
Carregamento do sistema =   114.3797
Arquivo Historico: CONT_001.SAV          
Caso #31
Parametro de Continuacao: Tensao na barra 10411 BALBI1UHE013
Inverso da norma do vetor tangente:    199.2    
X------------------X-----------------------X
      Barra               Vetor Tangente    
 Num.      Nome        Tensao      Angulo   
X-----X------------X-----------X-----------X
 10430 CIDNOV-AM069  -9.967      -15.84    
 10402 MANAU2-AM069  -9.420      -12.68    
 10345 CONSE2-AM069  -8.618      -9.164    
 10450 SJOSE--AM069  -8.456      -10.23    
 10451 PLACIB-AM069  -7.360      -7.030    
 10421 CESPEC-AM069  -6.206      -6.084    
 10350 CACHO2-AM069  -6.201      -6.171    
 10492 MARAPA-AM069  -6.178      -6.036    
 10420 DISTR1-AM069  -6.157      -5.821    
 10440 DISTR2-AM069  -6.080      -5.385    
 10445 TAMBAQ-AM069  -5.977      -4.967    
 10513 MUBL4D-AM069  -5.959      -4.837    
 10509 MUBL4M-AM069  -5.959      -4.835    
 10320 MAUAB1-AM069  -5.950      -4.802    
 10325 MAUAB2-AM069  -5.950      -4.798    
 10335 MAUA2M-AM069  -5.943      -4.771    
 10344 CONSE1-AM069  -5.919      -4.653    
 10505 MAUA-3-AM069  -5.918      -4.651    
 10447 PIETBQUTE013  -5.464      -3.993    
 10384 MAU3-4-AM000  -3.897      -1.651    
 10012 LECHUG-AM500   1.726     -0.1018    
 10310 DI-4---AM138  -1.572     -0.1578    
 10504 MAUA-3-AM138  -1.569     -0.1408    
 10418 P.FIG.-AM013   1.077      0.7163E-01
 10110 LECHUG-AM230   1.075      0.9733E-02
 10405 CROCHA-AM230   1.073      0.3743E-02
 10419 P.FIG.-AM230   1.072     -0.3672E-01
 10120 LECHU1-AM000   1.066      0.1080E-01
 10417 P.FIG.-AM069   1.065      0.6319E-02
 10416 P.FIG.-AM069   1.063      0.9541E-03
 10410 BALBIN-AM230   1.058     -0.7361E-01
 10406 CROCHAUTE013   1.027     -0.1231    
 10411 BALBI1UHE013   1.000     -0.1462    
 10312 RIOPTE-AM138  0.8597      0.2066    
 10111 LECHUG-AM138  0.8499      0.1728    
 10700 JARAQ2-AM138  0.8243      0.1944    
 10313 AMAZON-AM138  0.8238      0.1896    
 10130 LECHU1-AM000  0.8009      0.2007    
 10132 LECHU3-AM000  0.8009      0.2007    
 10400 MANAUS-AM230  0.4587      0.1246    
 10401 MANA1A-AM069  0.4552      0.1814    
 10422 MANA-1-AM000  0.4503      0.2009    
 10394 SHOPMA-AM069  0.4494      0.1965    
 10424 MANA-2-AM000  0.4493      0.2046    
 10426 MANA-3-AM000  0.4493      0.2046    
 10428 MANA-4-AM000  0.4493      0.2046    
 10370 FLORES-AM069  0.4468      0.1973    
 10379 AMBEV--AM069  0.4468      0.1974    
 10395 SERING-AM069  0.4467      0.2029    
 10351 CACHO1-AM069  0.4454      0.2041    
 10490 REDENC-AM069  0.4428      0.2005    
 10300 APAREC-AM069  0.4390      0.2139    
 10380 PNEGRA-AM069  0.4314      0.1993    
 10391 PIEPNGUTE013  0.4287      0.1677    
 10390 PIEPNG-AM069  0.4269      0.1899    
 10393 PISMAE-AM069  0.4241      0.2072    
 10515 AMAZON-AM069  0.3980      0.2123    
 10437 STAETE-AM069  0.3949      0.2266    
 10460 STOANT-AM069  0.3931      0.2404    
 10466 SIVAM--AM069  0.3915      0.2467    
 10435 MANAUA-AM069  0.3752      0.2129    
 10480 MANACA-AM069  0.3349      0.2795    
 10485 IRANDU-AM069  0.3337      0.1947    
 10306 IRANDU-AM138  0.3268      0.1930    
 10511 J.TEIX-AM138  0.3019      0.1330    
 10361 JTEIX1-AM000  0.3018      0.1355    
 10362 JTEIX2-AM000  0.3018      0.1355    
 10364 JTEIX4-AM000  0.3018      0.1355    
 10369 JTEIX5-AM000  0.3018      0.1355    
 10363 JTEIX3-AM000  0.3018      0.1357    
 10550 DISTR3-AM138  0.3015      0.1338    
 10540 COMPEN-AM138  0.3012      0.1694    
 10510 J.TEIX-AM230  0.3011      0.1114    
 10520 MUTIRA-AM138  0.3003      0.1448    
 10545 CENTRO-AM138  0.2998      0.1657    
 10530 CGRAND-AM138  0.2994      0.1576    
 10308 PARQ10-AM138  0.2989      0.1590    
 10461 JARAQU-AM069  0.2442      0.2252    
 10500 MAUA-3-AM230 -0.1948      0.1263    
 
 
Numero do incremento de carga:  39
Carregamento do sistema =   114.0553
Arquivo Historico: CONT_001.SAV          
Caso #32
Parametro de Continuacao: Tensao na barra 10430 CIDNOV-AM069
Inverso da norma do vetor tangente:    201.9    
X------------------X-----------------------X
      Barra               Vetor Tangente    
 Num.      Nome        Tensao      Angulo   
X-----X------------X-----------X-----------X
 10430 CIDNOV-AM069  -1.000      -1.457    
 10402 MANAU2-AM069 -0.9159      -1.055    
 10345 CONSE2-AM069 -0.8175     -0.6659    
 10450 SJOSE--AM069 -0.7821     -0.7751    
 10451 PLACIB-AM069 -0.6490     -0.4599    
 10421 CESPEC-AM069 -0.4999     -0.3594    
 10350 CACHO2-AM069 -0.4996     -0.3652    
 10492 MARAPA-AM069 -0.4988     -0.3564    
 10420 DISTR1-AM069 -0.4972     -0.3407    
 10440 DISTR2-AM069 -0.4916     -0.3073    
 10513 MUBL4D-AM069 -0.4865     -0.2726    
 10509 MUBL4M-AM069 -0.4865     -0.2724    
 10320 MAUAB1-AM069 -0.4861     -0.2702    
 10325 MAUAB2-AM069 -0.4860     -0.2699    
 10335 MAUA2M-AM069 -0.4856     -0.2680    
 10344 CONSE1-AM069 -0.4843     -0.2599    
 10505 MAUA-3-AM069 -0.4843     -0.2597    
 10445 TAMBAQ-AM069 -0.4819     -0.2682    
 10447 PIETBQUTE013 -0.4372     -0.1789    
 10384 MAU3-4-AM000 -0.3045     -0.6210E-01
 10480 MANACA-AM069  0.2256      0.3706    
 10485 IRANDU-AM069  0.1283      0.1676    
 10306 IRANDU-AM138  0.1257      0.1675    
 10504 MAUA-3-AM138 -0.1209     -0.5643E-02
 10310 DI-4---AM138 -0.1206     -0.5460E-02
 10540 COMPEN-AM138  0.1141      0.1547    
 10545 CENTRO-AM138  0.1117      0.1477    
 10308 PARQ10-AM138  0.1061      0.1312    
 10530 CGRAND-AM138  0.1050      0.1264    
 10520 MUTIRA-AM138  0.9004E-01  0.8898E-01
 10393 PISMAE-AM069  0.8944E-01  0.1039    
 10300 APAREC-AM069  0.8483E-01  0.9611E-01
 10380 PNEGRA-AM069  0.8236E-01  0.9114E-01
 10391 PIEPNGUTE013  0.8189E-01  0.8519E-01
 10390 PIEPNG-AM069  0.8152E-01  0.8938E-01
 10351 CACHO1-AM069  0.7798E-01  0.8001E-01
 10395 SERING-AM069  0.7624E-01  0.7840E-01
 10490 REDENC-AM069  0.7615E-01  0.8163E-01
 10363 JTEIX3-AM000  0.7300E-01  0.6054E-01
 10361 JTEIX1-AM000  0.7283E-01  0.6014E-01
 10362 JTEIX2-AM000  0.7283E-01  0.6014E-01
 10364 JTEIX4-AM000  0.7283E-01  0.6014E-01
 10369 JTEIX5-AM000  0.7283E-01  0.6014E-01
 10379 AMBEV--AM069  0.7226E-01  0.7468E-01
 10370 FLORES-AM069  0.7223E-01  0.7462E-01
 10394 SHOPMA-AM069  0.7151E-01  0.6981E-01
 10550 DISTR3-AM138  0.6996E-01  0.5503E-01
 10511 J.TEIX-AM138  0.6911E-01  0.5201E-01
 10424 MANA-2-AM000  0.6731E-01  0.8364E-01
 10426 MANA-3-AM000  0.6731E-01  0.8364E-01
 10428 MANA-4-AM000  0.6731E-01  0.8364E-01
 10422 MANA-1-AM000  0.6631E-01  0.7823E-01
 10466 SIVAM--AM069  0.6041E-01  0.1241    
 10401 MANA1A-AM069  0.5913E-01  0.5049E-01
 10460 STOANT-AM069  0.5582E-01  0.1146    
 10312 RIOPTE-AM138  0.5093E-01  0.2007E-01
 
 
Numero do incremento de carga:  40
Carregamento do sistema =   113.7122
Arquivo Historico: CONT_001.SAV          
Caso #33
Parametro de Continuacao: Tensao na barra 10430 CIDNOV-AM069
Inverso da norma do vetor tangente:    201.9    
X------------------X-----------------------X
      Barra               Vetor Tangente    
 Num.      Nome        Tensao      Angulo   
X-----X------------X-----------X-----------X
 10430 CIDNOV-AM069  -1.000      -1.457    
 10402 MANAU2-AM069 -0.9143      -1.046    
 10345 CONSE2-AM069 -0.8150     -0.6527    
 10450 SJOSE--AM069 -0.7783     -0.7625    
 10451 PLACIB-AM069 -0.6439     -0.4466    
 10421 CESPEC-AM069 -0.4927     -0.3454    
 10350 CACHO2-AM069 -0.4924     -0.3510    
 10492 MARAPA-AM069 -0.4917     -0.3425    
 10420 DISTR1-AM069 -0.4902     -0.3271    
 10440 DISTR2-AM069 -0.4847     -0.2943    
 10513 MUBL4D-AM069 -0.4802     -0.2608    
 10509 MUBL4M-AM069 -0.4802     -0.2607    
 10320 MAUAB1-AM069 -0.4797     -0.2585    
 10325 MAUAB2-AM069 -0.4797     -0.2583    
 10335 MAUA2M-AM069 -0.4793     -0.2564    
 10344 CONSE1-AM069 -0.4780     -0.2485    
 10505 MAUA-3-AM069 -0.4780     -0.2483    
 10445 TAMBAQ-AM069 -0.4751     -0.2554    
 10447 PIETBQUTE013 -0.4310     -0.1665    
 10384 MAU3-4-AM000 -0.2997     -0.5657E-01
 10480 MANACA-AM069  0.2343      0.3862    
 10485 IRANDU-AM069  0.1327      0.1748    
 10306 IRANDU-AM138  0.1300      0.1747    
 10504 MAUA-3-AM138 -0.1190     -0.5194E-02
 10310 DI-4---AM138 -0.1187     -0.4912E-02
 10540 COMPEN-AM138  0.1181      0.1613    
 10545 CENTRO-AM138  0.1156      0.1540    
 10308 PARQ10-AM138  0.1097      0.1368    
 10530 CGRAND-AM138  0.1085      0.1318    
 10520 MUTIRA-AM138  0.9285E-01  0.9260E-01
 10393 PISMAE-AM069  0.9168E-01  0.1080    
 10300 APAREC-AM069  0.8680E-01  0.9978E-01
 10380 PNEGRA-AM069  0.8424E-01  0.9464E-01
 10391 PIEPNGUTE013  0.8377E-01  0.8857E-01
 10390 PIEPNG-AM069  0.8339E-01  0.9285E-01
 10351 CACHO1-AM069  0.7959E-01  0.8295E-01
 10395 SERING-AM069  0.7776E-01  0.8126E-01
 10490 REDENC-AM069  0.7769E-01  0.8466E-01
 10363 JTEIX3-AM000  0.7500E-01  0.6283E-01
 10361 JTEIX1-AM000  0.7482E-01  0.6241E-01
 10362 JTEIX2-AM000  0.7482E-01  0.6241E-01
 10364 JTEIX4-AM000  0.7482E-01  0.6241E-01
 10369 JTEIX5-AM000  0.7482E-01  0.6241E-01
 10379 AMBEV--AM069  0.7358E-01  0.7739E-01
 10370 FLORES-AM069  0.7356E-01  0.7733E-01
 10394 SHOPMA-AM069  0.7278E-01  0.7229E-01
 10550 DISTR3-AM138  0.7181E-01  0.5707E-01
 10511 J.TEIX-AM138  0.7092E-01  0.5390E-01
 10424 MANA-2-AM000  0.6837E-01  0.8675E-01
 10426 MANA-3-AM000  0.6837E-01  0.8675E-01
 10428 MANA-4-AM000  0.6837E-01  0.8675E-01
 10422 MANA-1-AM000  0.6732E-01  0.8110E-01
 10466 SIVAM--AM069  0.6148E-01  0.1291    
 10401 MANA1A-AM069  0.5977E-01  0.5209E-01
 10460 STOANT-AM069  0.5665E-01  0.1192    
 
 
Numero do incremento de carga:  41
Carregamento do sistema =   113.3507
Arquivo Historico: CONT_001.SAV          
Caso #34
Parametro de Continuacao: Tensao na barra 10430 CIDNOV-AM069
Inverso da norma do vetor tangente:    201.9    
X------------------X-----------------------X
      Barra               Vetor Tangente    
 Num.      Nome        Tensao      Angulo   
X-----X------------X-----------X-----------X
 10430 CIDNOV-AM069  -1.000      -1.456    
 10402 MANAU2-AM069 -0.9127      -1.037    
 10345 CONSE2-AM069 -0.8125     -0.6391    
 10450 SJOSE--AM069 -0.7743     -0.7494    
 10451 PLACIB-AM069 -0.6387     -0.4330    
 10421 CESPEC-AM069 -0.4854     -0.3310    
 10350 CACHO2-AM069 -0.4851     -0.3365    
 10492 MARAPA-AM069 -0.4844     -0.3283    
 10420 DISTR1-AM069 -0.4830     -0.3133    
 10440 DISTR2-AM069 -0.4777     -0.2811    
 10513 MUBL4D-AM069 -0.4736     -0.2489    
 10509 MUBL4M-AM069 -0.4736     -0.2487    
 10320 MAUAB1-AM069 -0.4732     -0.2467    
 10325 MAUAB2-AM069 -0.4732     -0.2464    
 10335 MAUA2M-AM069 -0.4728     -0.2446    
 10344 CONSE1-AM069 -0.4716     -0.2369    
 10505 MAUA-3-AM069 -0.4716     -0.2367    
 10445 TAMBAQ-AM069 -0.4682     -0.2424    
 10447 PIETBQUTE013 -0.4246     -0.1540    
 10384 MAU3-4-AM000 -0.2949     -0.5101E-01
 10480 MANACA-AM069  0.2426      0.4014    
 10485 IRANDU-AM069  0.1370      0.1817    
 10306 IRANDU-AM138  0.1342      0.1816    
 10540 COMPEN-AM138  0.1219      0.1678    
 10545 CENTRO-AM138  0.1193      0.1602    
 10504 MAUA-3-AM138 -0.1170     -0.4743E-02
 10310 DI-4---AM138 -0.1167     -0.4362E-02
 10308 PARQ10-AM138  0.1132      0.1422    
 10530 CGRAND-AM138  0.1119      0.1370    
 10520 MUTIRA-AM138  0.9557E-01  0.9614E-01
 10393 PISMAE-AM069  0.9386E-01  0.1119    
 10300 APAREC-AM069  0.8871E-01  0.1034    
 10380 PNEGRA-AM069  0.8606E-01  0.9807E-01
 10391 PIEPNGUTE013  0.8558E-01  0.9188E-01
 10390 PIEPNG-AM069  0.8519E-01  0.9624E-01
 10351 CACHO1-AM069  0.8114E-01  0.8583E-01
 10395 SERING-AM069  0.7922E-01  0.8407E-01
 10490 REDENC-AM069  0.7916E-01  0.8763E-01
 10363 JTEIX3-AM000  0.7692E-01  0.6507E-01
 10361 JTEIX1-AM000  0.7674E-01  0.6463E-01
 10362 JTEIX2-AM000  0.7674E-01  0.6463E-01
 10364 JTEIX4-AM000  0.7674E-01  0.6463E-01
 10369 JTEIX5-AM000  0.7674E-01  0.6463E-01
 10379 AMBEV--AM069  0.7486E-01  0.8005E-01
 10370 FLORES-AM069  0.7483E-01  0.7999E-01
 10394 SHOPMA-AM069  0.7400E-01  0.7471E-01
 10550 DISTR3-AM138  0.7360E-01  0.5906E-01
 10511 J.TEIX-AM138  0.7267E-01  0.5575E-01
 10424 MANA-2-AM000  0.6939E-01  0.8980E-01
 10426 MANA-3-AM000  0.6939E-01  0.8980E-01
 10428 MANA-4-AM000  0.6939E-01  0.8980E-01
 10422 MANA-1-AM000  0.6829E-01  0.8390E-01
 10466 SIVAM--AM069  0.6252E-01  0.1340    
 10401 MANA1A-AM069  0.6037E-01  0.5366E-01
 10460 STOANT-AM069  0.5745E-01  0.1237    
 
 
Numero do incremento de carga:  42
Carregamento do sistema =   112.9709
Arquivo Historico: CONT_001.SAV          
Caso #35
Parametro de Continuacao: Tensao na barra 10430 CIDNOV-AM069
Inverso da norma do vetor tangente:    201.9    
X------------------X-----------------------X
      Barra               Vetor Tangente    
 Num.      Nome        Tensao      Angulo   
X-----X------------X-----------X-----------X
 10430 CIDNOV-AM069  -1.000      -1.456    
 10402 MANAU2-AM069 -0.9110      -1.027    
 10345 CONSE2-AM069 -0.8099     -0.6251    
 10450 SJOSE--AM069 -0.7702     -0.7358    
 10451 PLACIB-AM069 -0.6332     -0.4190    
 10421 CESPEC-AM069 -0.4778     -0.3164    
 10350 CACHO2-AM069 -0.4775     -0.3217    
 10492 MARAPA-AM069 -0.4770     -0.3137    
 10420 DISTR1-AM069 -0.4756     -0.2992    
 10440 DISTR2-AM069 -0.4705     -0.2677    
 10513 MUBL4D-AM069 -0.4669     -0.2367    
 10509 MUBL4M-AM069 -0.4669     -0.2366    
 10320 MAUAB1-AM069 -0.4665     -0.2345    
 10325 MAUAB2-AM069 -0.4665     -0.2343    
 10335 MAUA2M-AM069 -0.4661     -0.2326    
 10344 CONSE1-AM069 -0.4650     -0.2251    
 10505 MAUA-3-AM069 -0.4650     -0.2249    
 10445 TAMBAQ-AM069 -0.4611     -0.2291    
 10447 PIETBQUTE013 -0.4180     -0.1414    
 10384 MAU3-4-AM000 -0.2899     -0.4540E-01
 10480 MANACA-AM069  0.2507      0.4161    
 10485 IRANDU-AM069  0.1412      0.1885    
 10306 IRANDU-AM138  0.1383      0.1884    
 10540 COMPEN-AM138  0.1256      0.1741    
 10545 CENTRO-AM138  0.1229      0.1662    
 10308 PARQ10-AM138  0.1166      0.1475    
 10530 CGRAND-AM138  0.1153      0.1421    
 10504 MAUA-3-AM138 -0.1150     -0.4289E-02
 10310 DI-4---AM138 -0.1146     -0.3810E-02
 10520 MUTIRA-AM138  0.9820E-01  0.9960E-01
 10393 PISMAE-AM069  0.9595E-01  0.1158    
 10300 APAREC-AM069  0.9054E-01  0.1069    
 10380 PNEGRA-AM069  0.8782E-01  0.1014    
 10391 PIEPNGUTE013  0.8733E-01  0.9512E-01
 10390 PIEPNG-AM069  0.8693E-01  0.9957E-01
 10351 CACHO1-AM069  0.8264E-01  0.8864E-01
 10395 SERING-AM069  0.8062E-01  0.8681E-01
 10490 REDENC-AM069  0.8058E-01  0.9054E-01
 10363 JTEIX3-AM000  0.7878E-01  0.6725E-01
 10361 JTEIX1-AM000  0.7858E-01  0.6680E-01
 10362 JTEIX2-AM000  0.7858E-01  0.6680E-01
 10364 JTEIX4-AM000  0.7858E-01  0.6680E-01
 10369 JTEIX5-AM000  0.7858E-01  0.6680E-01
 10379 AMBEV--AM069  0.7608E-01  0.8264E-01
 10370 FLORES-AM069  0.7605E-01  0.8258E-01
 10550 DISTR3-AM138  0.7532E-01  0.6100E-01
 10394 SHOPMA-AM069  0.7517E-01  0.7708E-01
 10511 J.TEIX-AM138  0.7435E-01  0.5755E-01
 10424 MANA-2-AM000  0.7036E-01  0.9278E-01
 10426 MANA-3-AM000  0.7036E-01  0.9278E-01
 10428 MANA-4-AM000  0.7036E-01  0.9278E-01
 10422 MANA-1-AM000  0.6921E-01  0.8665E-01
 10466 SIVAM--AM069  0.6352E-01  0.1388    
 10401 MANA1A-AM069  0.6094E-01  0.5519E-01
 10460 STOANT-AM069  0.5822E-01  0.1281    
 
 
Numero do incremento de carga:  43
Carregamento do sistema =   112.5731
Arquivo Historico: CONT_001.SAV          
Caso #36
Parametro de Continuacao: Tensao na barra 10430 CIDNOV-AM069
Inverso da norma do vetor tangente:    202.0    
X------------------X-----------------------X
      Barra               Vetor Tangente    
 Num.      Nome        Tensao      Angulo   
X-----X------------X-----------X-----------X
 10430 CIDNOV-AM069  -1.000      -1.455    
 10402 MANAU2-AM069 -0.9093      -1.017    
 10345 CONSE2-AM069 -0.8072     -0.6107    
 10450 SJOSE--AM069 -0.7659     -0.7218    
 10451 PLACIB-AM069 -0.6276     -0.4047    
 10421 CESPEC-AM069 -0.4700     -0.3015    
 10350 CACHO2-AM069 -0.4698     -0.3065    
 10492 MARAPA-AM069 -0.4693     -0.2989    
 10420 DISTR1-AM069 -0.4680     -0.2847    
 10440 DISTR2-AM069 -0.4631     -0.2540    
 10513 MUBL4D-AM069 -0.4600     -0.2243    
 10509 MUBL4M-AM069 -0.4599     -0.2242    
 10320 MAUAB1-AM069 -0.4596     -0.2222    
 10325 MAUAB2-AM069 -0.4596     -0.2220    
 10335 MAUA2M-AM069 -0.4593     -0.2203    
 10344 CONSE1-AM069 -0.4582     -0.2130    
 10505 MAUA-3-AM069 -0.4582     -0.2129    
 10445 TAMBAQ-AM069 -0.4538     -0.2156    
 10447 PIETBQUTE013 -0.4113     -0.1285    
 10384 MAU3-4-AM000 -0.2848     -0.3976E-01
 10480 MANACA-AM069  0.2586      0.4303    
 10485 IRANDU-AM069  0.1453      0.1952    
 10306 IRANDU-AM138  0.1423      0.1951    
 10540 COMPEN-AM138  0.1292      0.1802    
 10545 CENTRO-AM138  0.1264      0.1721    
 10308 PARQ10-AM138  0.1198      0.1527    
 10530 CGRAND-AM138  0.1185      0.1471    
 10504 MAUA-3-AM138 -0.1129     -0.3834E-02
 10310 DI-4---AM138 -0.1125     -0.3255E-02
 10520 MUTIRA-AM138  0.1007      0.1030    
 10393 PISMAE-AM069  0.9798E-01  0.1197    
 10300 APAREC-AM069  0.9232E-01  0.1103    
 10380 PNEGRA-AM069  0.8951E-01  0.1047    
 10391 PIEPNGUTE013  0.8901E-01  0.9830E-01
 10390 PIEPNG-AM069  0.8860E-01  0.1028    
 10351 CACHO1-AM069  0.8407E-01  0.9139E-01
 10395 SERING-AM069  0.8197E-01  0.8950E-01
 10490 REDENC-AM069  0.8195E-01  0.9339E-01
 10363 JTEIX3-AM000  0.8056E-01  0.6939E-01
 10361 JTEIX1-AM000  0.8036E-01  0.6892E-01
 10362 JTEIX2-AM000  0.8036E-01  0.6892E-01
 10364 JTEIX4-AM000  0.8036E-01  0.6892E-01
 10369 JTEIX5-AM000  0.8036E-01  0.6892E-01
 10379 AMBEV--AM069  0.7724E-01  0.8518E-01
 10370 FLORES-AM069  0.7721E-01  0.8512E-01
 10550 DISTR3-AM138  0.7698E-01  0.6290E-01
 10394 SHOPMA-AM069  0.7629E-01  0.7940E-01
 10511 J.TEIX-AM138  0.7597E-01  0.5932E-01
 10424 MANA-2-AM000  0.7129E-01  0.9570E-01
 10426 MANA-3-AM000  0.7129E-01  0.9570E-01
 10428 MANA-4-AM000  0.7129E-01  0.9570E-01
 10422 MANA-1-AM000  0.7008E-01  0.8934E-01
 10466 SIVAM--AM069  0.6448E-01  0.1436    
 10401 MANA1A-AM069  0.6146E-01  0.5668E-01
 10460 STOANT-AM069  0.5896E-01  0.1325    
 
 
Numero do incremento de carga:  44
Carregamento do sistema =   112.1575
Arquivo Historico: CONT_001.SAV          
Caso #37
Parametro de Continuacao: Tensao na barra 10430 CIDNOV-AM069
Inverso da norma do vetor tangente:    202.0    
X------------------X-----------------------X
      Barra               Vetor Tangente    
 Num.      Nome        Tensao      Angulo   
X-----X------------X-----------X-----------X
 10430 CIDNOV-AM069  -1.000      -1.454    
 10402 MANAU2-AM069 -0.9075      -1.006    
 10345 CONSE2-AM069 -0.8043     -0.5958    
 10450 SJOSE--AM069 -0.7614     -0.7073    
 10451 PLACIB-AM069 -0.6218     -0.3900    
 10421 CESPEC-AM069 -0.4620     -0.2862    
 10350 CACHO2-AM069 -0.4618     -0.2910    
 10492 MARAPA-AM069 -0.4614     -0.2838    
 10420 DISTR1-AM069 -0.4601     -0.2700    
 10440 DISTR2-AM069 -0.4554     -0.2400    
 10513 MUBL4D-AM069 -0.4528     -0.2116    
 10509 MUBL4M-AM069 -0.4528     -0.2115    
 10320 MAUAB1-AM069 -0.4525     -0.2096    
 10325 MAUAB2-AM069 -0.4525     -0.2094    
 10335 MAUA2M-AM069 -0.4522     -0.2078    
 10344 CONSE1-AM069 -0.4512     -0.2008    
 10505 MAUA-3-AM069 -0.4512     -0.2007    
 10445 TAMBAQ-AM069 -0.4463     -0.2019    
 10447 PIETBQUTE013 -0.4044     -0.1155    
 10384 MAU3-4-AM000 -0.2796     -0.3407E-01
 10480 MANACA-AM069  0.2661      0.4441    
 10485 IRANDU-AM069  0.1492      0.2016    
 10306 IRANDU-AM138  0.1462      0.2016    
 10540 COMPEN-AM138  0.1327      0.1863    
 10545 CENTRO-AM138  0.1298      0.1778    
 10308 PARQ10-AM138  0.1230      0.1577    
 10530 CGRAND-AM138  0.1216      0.1519    
 10504 MAUA-3-AM138 -0.1107     -0.3376E-02
 10310 DI-4---AM138 -0.1104     -0.2699E-02
 10520 MUTIRA-AM138  0.1032      0.1063    
 10393 PISMAE-AM069  0.9994E-01  0.1234    
 10300 APAREC-AM069  0.9402E-01  0.1137    
 10380 PNEGRA-AM069  0.9114E-01  0.1079    
 10391 PIEPNGUTE013  0.9063E-01  0.1014    
 10390 PIEPNG-AM069  0.9022E-01  0.1060    
 10351 CACHO1-AM069  0.8545E-01  0.9409E-01
 10395 SERING-AM069  0.8326E-01  0.9212E-01
 10490 REDENC-AM069  0.8325E-01  0.9618E-01
 10363 JTEIX3-AM000  0.8228E-01  0.7148E-01
 10361 JTEIX1-AM000  0.8207E-01  0.7100E-01
 10362 JTEIX2-AM000  0.8207E-01  0.7100E-01
 10364 JTEIX4-AM000  0.8207E-01  0.7100E-01
 10369 JTEIX5-AM000  0.8207E-01  0.7100E-01
 10550 DISTR3-AM138  0.7857E-01  0.6475E-01
 10379 AMBEV--AM069  0.7836E-01  0.8767E-01
 10370 FLORES-AM069  0.7833E-01  0.8760E-01
 10511 J.TEIX-AM138  0.7752E-01  0.6104E-01
 10394 SHOPMA-AM069  0.7736E-01  0.8167E-01
 10424 MANA-2-AM000  0.7216E-01  0.9856E-01
 10426 MANA-3-AM000  0.7216E-01  0.9856E-01
 10428 MANA-4-AM000  0.7216E-01  0.9856E-01
 10422 MANA-1-AM000  0.7090E-01  0.9197E-01
 10466 SIVAM--AM069  0.6541E-01  0.1483    
 10401 MANA1A-AM069  0.6195E-01  0.5814E-01
 10460 STOANT-AM069  0.5966E-01  0.1368    
 
 
Numero do incremento de carga:  45
Carregamento do sistema =   111.7242
Arquivo Historico: CONT_001.SAV          
Caso #38
Parametro de Continuacao: Tensao na barra 10430 CIDNOV-AM069
Inverso da norma do vetor tangente:    202.0    
X------------------X-----------------------X
      Barra               Vetor Tangente    
 Num.      Nome        Tensao      Angulo   
X-----X------------X-----------X-----------X
 10430 CIDNOV-AM069  -1.000      -1.454    
 10402 MANAU2-AM069 -0.9056     -0.9951    
 10345 CONSE2-AM069 -0.8014     -0.5804    
 10450 SJOSE--AM069 -0.7568     -0.6923    
 10451 PLACIB-AM069 -0.6158     -0.3750    
 10421 CESPEC-AM069 -0.4538     -0.2705    
 10350 CACHO2-AM069 -0.4535     -0.2752    
 10492 MARAPA-AM069 -0.4533     -0.2683    
 10420 DISTR1-AM069 -0.4521     -0.2549    
 10440 DISTR2-AM069 -0.4475     -0.2257    
 10513 MUBL4D-AM069 -0.4455     -0.1988    
 10509 MUBL4M-AM069 -0.4455     -0.1987    
 10320 MAUAB1-AM069 -0.4452     -0.1968    
 10325 MAUAB2-AM069 -0.4452     -0.1966    
 10335 MAUA2M-AM069 -0.4449     -0.1951    
 10344 CONSE1-AM069 -0.4440     -0.1883    
 10505 MAUA-3-AM069 -0.4440     -0.1882    
 10445 TAMBAQ-AM069 -0.4385     -0.1879    
 10447 PIETBQUTE013 -0.3973     -0.1023    
 10384 MAU3-4-AM000 -0.2742     -0.2835E-01
 10480 MANACA-AM069  0.2733      0.4575    
 10485 IRANDU-AM069  0.1530      0.2080    
 10306 IRANDU-AM138  0.1499      0.2079    
 10540 COMPEN-AM138  0.1361      0.1921    
 10545 CENTRO-AM138  0.1331      0.1834    
 10308 PARQ10-AM138  0.1261      0.1627    
 10530 CGRAND-AM138  0.1246      0.1567    
 10504 MAUA-3-AM138 -0.1085     -0.2917E-02
 10310 DI-4---AM138 -0.1081     -0.2141E-02
 10520 MUTIRA-AM138  0.1056      0.1095    
 10393 PISMAE-AM069  0.1018      0.1271    
 10300 APAREC-AM069  0.9567E-01  0.1170    
 10380 PNEGRA-AM069  0.9271E-01  0.1111    
 10391 PIEPNGUTE013  0.9219E-01  0.1045    
 10390 PIEPNG-AM069  0.9177E-01  0.1091    
 10351 CACHO1-AM069  0.8677E-01  0.9673E-01
 10490 REDENC-AM069  0.8451E-01  0.9891E-01
 10395 SERING-AM069  0.8450E-01  0.9470E-01
 10363 JTEIX3-AM000  0.8393E-01  0.7352E-01
 10361 JTEIX1-AM000  0.8371E-01  0.7302E-01
 10362 JTEIX2-AM000  0.8371E-01  0.7302E-01
 10364 JTEIX4-AM000  0.8371E-01  0.7302E-01
 10369 JTEIX5-AM000  0.8371E-01  0.7302E-01
 10550 DISTR3-AM138  0.8010E-01  0.6656E-01
 10379 AMBEV--AM069  0.7943E-01  0.9010E-01
 10370 FLORES-AM069  0.7939E-01  0.9004E-01
 10511 J.TEIX-AM138  0.7901E-01  0.6272E-01
 10394 SHOPMA-AM069  0.7838E-01  0.8389E-01
 10424 MANA-2-AM000  0.7299E-01  0.1014    
 10426 MANA-3-AM000  0.7299E-01  0.1014    
 10428 MANA-4-AM000  0.7299E-01  0.1014    
 10422 MANA-1-AM000  0.7168E-01  0.9454E-01
 10466 SIVAM--AM069  0.6630E-01  0.1529    
 10401 MANA1A-AM069  0.6240E-01  0.5956E-01
 10460 STOANT-AM069  0.6034E-01  0.1410    
 
 
Numero do incremento de carga:  46
Carregamento do sistema =   111.2736
Arquivo Historico: CONT_001.SAV          
Caso #39
Parametro de Continuacao: Tensao na barra 10430 CIDNOV-AM069
Inverso da norma do vetor tangente:    202.0    
X------------------X-----------------------X
      Barra               Vetor Tangente    
 Num.      Nome        Tensao      Angulo   
X-----X------------X-----------X-----------X
 10430 CIDNOV-AM069  -1.000      -1.453    
 10402 MANAU2-AM069 -0.9036     -0.9836    
 10345 CONSE2-AM069 -0.7984     -0.5645    
 10450 SJOSE--AM069 -0.7521     -0.6768    
 10451 PLACIB-AM069 -0.6096     -0.3595    
 10421 CESPEC-AM069 -0.4453     -0.2546    
 10350 CACHO2-AM069 -0.4451     -0.2590    
 10492 MARAPA-AM069 -0.4449     -0.2524    
 10420 DISTR1-AM069 -0.4438     -0.2395    
 10440 DISTR2-AM069 -0.4395     -0.2111    
 10513 MUBL4D-AM069 -0.4379     -0.1856    
 10509 MUBL4M-AM069 -0.4379     -0.1855    
 10320 MAUAB1-AM069 -0.4377     -0.1838    
 10325 MAUAB2-AM069 -0.4376     -0.1836    
 10335 MAUA2M-AM069 -0.4374     -0.1821    
 10344 CONSE1-AM069 -0.4366     -0.1756    
 10505 MAUA-3-AM069 -0.4366     -0.1755    
 10445 TAMBAQ-AM069 -0.4306     -0.1737    
 10447 PIETBQUTE013 -0.3900     -0.8892E-01
 10480 MANACA-AM069  0.2803      0.4704    
 10384 MAU3-4-AM000 -0.2686     -0.2257E-01
 10485 IRANDU-AM069  0.1566      0.2141    
 10306 IRANDU-AM138  0.1535      0.2141    
 10540 COMPEN-AM138  0.1394      0.1979    
 10545 CENTRO-AM138  0.1363      0.1889    
 10308 PARQ10-AM138  0.1290      0.1675    
 10530 CGRAND-AM138  0.1275      0.1613    
 10520 MUTIRA-AM138  0.1079      0.1127    
 10504 MAUA-3-AM138 -0.1063     -0.2455E-02
 10310 DI-4---AM138 -0.1058     -0.1581E-02
 10393 PISMAE-AM069  0.1036      0.1307    
 10300 APAREC-AM069  0.9725E-01  0.1202    
 10380 PNEGRA-AM069  0.9421E-01  0.1142    
 10391 PIEPNGUTE013  0.9369E-01  0.1074    
 10390 PIEPNG-AM069  0.9326E-01  0.1122    
 10351 CACHO1-AM069  0.8803E-01  0.9931E-01
 10490 REDENC-AM069  0.8571E-01  0.1016    
 10395 SERING-AM069  0.8568E-01  0.9721E-01
 10363 JTEIX3-AM000  0.8552E-01  0.7552E-01
 10361 JTEIX1-AM000  0.8529E-01  0.7500E-01
 10362 JTEIX2-AM000  0.8529E-01  0.7500E-01
 10364 JTEIX4-AM000  0.8529E-01  0.7500E-01
 10369 JTEIX5-AM000  0.8529E-01  0.7500E-01
 10550 DISTR3-AM138  0.8157E-01  0.6833E-01
 10379 AMBEV--AM069  0.8044E-01  0.9249E-01
 10511 J.TEIX-AM138  0.8043E-01  0.6436E-01
 10370 FLORES-AM069  0.8041E-01  0.9242E-01
 10394 SHOPMA-AM069  0.7934E-01  0.8606E-01
 10424 MANA-2-AM000  0.7377E-01  0.1041    
 10426 MANA-3-AM000  0.7377E-01  0.1041    
 10428 MANA-4-AM000  0.7377E-01  0.1041    
 10422 MANA-1-AM000  0.7242E-01  0.9706E-01
 10466 SIVAM--AM069  0.6716E-01  0.1575    
 10401 MANA1A-AM069  0.6280E-01  0.6095E-01
 10460 STOANT-AM069  0.6098E-01  0.1451    
 
 
Numero do incremento de carga:  47
Carregamento do sistema =   110.8058
Arquivo Historico: CONT_001.SAV          
Caso #40
Parametro de Continuacao: Tensao na barra 10430 CIDNOV-AM069
Inverso da norma do vetor tangente:    202.0    
X------------------X-----------------------X
      Barra               Vetor Tangente    
 Num.      Nome        Tensao      Angulo   
X-----X------------X-----------X-----------X
 10430 CIDNOV-AM069  -1.000      -1.451    
 10402 MANAU2-AM069 -0.9016     -0.9715    
 10345 CONSE2-AM069 -0.7952     -0.5482    
 10450 SJOSE--AM069 -0.7471     -0.6607    
 10451 PLACIB-AM069 -0.6032     -0.3437    
 10421 CESPEC-AM069 -0.4366     -0.2382    
 10350 CACHO2-AM069 -0.4364     -0.2425    
 10492 MARAPA-AM069 -0.4364     -0.2362    
 10420 DISTR1-AM069 -0.4353     -0.2238    
 10440 DISTR2-AM069 -0.4311     -0.1962    
 10513 MUBL4D-AM069 -0.4301     -0.1722    
 10509 MUBL4M-AM069 -0.4301     -0.1722    
 10320 MAUAB1-AM069 -0.4299     -0.1705    
 10325 MAUAB2-AM069 -0.4299     -0.1703    
 10335 MAUA2M-AM069 -0.4297     -0.1688    
 10344 CONSE1-AM069 -0.4290     -0.1627    
 10505 MAUA-3-AM069 -0.4290     -0.1625    
 10445 TAMBAQ-AM069 -0.4224     -0.1592    
 10447 PIETBQUTE013 -0.3825     -0.7535E-01
 10480 MANACA-AM069  0.2871      0.4829    
 10384 MAU3-4-AM000 -0.2630     -0.1675E-01
 10485 IRANDU-AM069  0.1602      0.2202    
 10306 IRANDU-AM138  0.1570      0.2201    
 10540 COMPEN-AM138  0.1426      0.2035    
 10545 CENTRO-AM138  0.1394      0.1943    
 10308 PARQ10-AM138  0.1319      0.1722    
 10530 CGRAND-AM138  0.1303      0.1659    
 10520 MUTIRA-AM138  0.1101      0.1158    
 10393 PISMAE-AM069  0.1054      0.1342    
 10504 MAUA-3-AM138 -0.1040     -0.1992E-02
 10310 DI-4---AM138 -0.1035     -0.1019E-02
 10300 APAREC-AM069  0.9877E-01  0.1234    
 10380 PNEGRA-AM069  0.9566E-01  0.1172    
 10391 PIEPNGUTE013  0.9513E-01  0.1104    
 10390 PIEPNG-AM069  0.9469E-01  0.1152    
 10351 CACHO1-AM069  0.8924E-01  0.1018    
 10363 JTEIX3-AM000  0.8704E-01  0.7746E-01
 10490 REDENC-AM069  0.8686E-01  0.1042    
 10395 SERING-AM069  0.8681E-01  0.9968E-01
 10361 JTEIX1-AM000  0.8680E-01  0.7693E-01
 10362 JTEIX2-AM000  0.8680E-01  0.7693E-01
 10364 JTEIX4-AM000  0.8680E-01  0.7693E-01
 10369 JTEIX5-AM000  0.8680E-01  0.7693E-01
 10550 DISTR3-AM138  0.8298E-01  0.7006E-01
 10511 J.TEIX-AM138  0.8180E-01  0.6597E-01
 10379 AMBEV--AM069  0.8141E-01  0.9482E-01
 10370 FLORES-AM069  0.8137E-01  0.9475E-01
 10394 SHOPMA-AM069  0.8026E-01  0.8819E-01
 10424 MANA-2-AM000  0.7451E-01  0.1068    
 10426 MANA-3-AM000  0.7451E-01  0.1068    
 10428 MANA-4-AM000  0.7451E-01  0.1068    
 10422 MANA-1-AM000  0.7311E-01  0.9953E-01
 10466 SIVAM--AM069  0.6799E-01  0.1620    
 10401 MANA1A-AM069  0.6318E-01  0.6232E-01
 10460 STOANT-AM069  0.6159E-01  0.1492    
 
 
Numero do incremento de carga:  48
Carregamento do sistema =   110.3210
Arquivo Historico: CONT_001.SAV          
Caso #41
Parametro de Continuacao: Tensao na barra 10430 CIDNOV-AM069
Inverso da norma do vetor tangente:    202.1    
X------------------X-----------------------X
      Barra               Vetor Tangente    
 Num.      Nome        Tensao      Angulo   
X-----X------------X-----------X-----------X
 10430 CIDNOV-AM069  -1.000      -1.450    
 10402 MANAU2-AM069 -0.8994     -0.9589    
 10345 CONSE2-AM069 -0.7919     -0.5313    
 10450 SJOSE--AM069 -0.7420     -0.6441    
 10451 PLACIB-AM069 -0.5965     -0.3275    
 10421 CESPEC-AM069 -0.4276     -0.2215    
 10492 MARAPA-AM069 -0.4276     -0.2197    
 10350 CACHO2-AM069 -0.4275     -0.2256    
 10420 DISTR1-AM069 -0.4265     -0.2078    
 10440 DISTR2-AM069 -0.4226     -0.1811    
 10513 MUBL4D-AM069 -0.4221     -0.1586    
 10509 MUBL4M-AM069 -0.4221     -0.1585    
 10320 MAUAB1-AM069 -0.4219     -0.1569    
 10325 MAUAB2-AM069 -0.4219     -0.1567    
 10335 MAUA2M-AM069 -0.4217     -0.1554    
 10344 CONSE1-AM069 -0.4211     -0.1495    
 10505 MAUA-3-AM069 -0.4211     -0.1493    
 10445 TAMBAQ-AM069 -0.4140     -0.1444    
 10447 PIETBQUTE013 -0.3749     -0.6159E-01
 10480 MANACA-AM069  0.2935      0.4950    
 10384 MAU3-4-AM000 -0.2571     -0.1089E-01
 10485 IRANDU-AM069  0.1636      0.2261    
 10306 IRANDU-AM138  0.1603      0.2260    
 10540 COMPEN-AM138  0.1456      0.2090    
 10545 CENTRO-AM138  0.1424      0.1995    
 10308 PARQ10-AM138  0.1347      0.1769    
 10530 CGRAND-AM138  0.1330      0.1703    
 10520 MUTIRA-AM138  0.1122      0.1188    
 10393 PISMAE-AM069  0.1071      0.1376    
 10504 MAUA-3-AM138 -0.1016     -0.1526E-02
 10310 DI-4---AM138 -0.1011     -0.4552E-03
 10300 APAREC-AM069  0.1002      0.1265    
 10380 PNEGRA-AM069  0.9705E-01  0.1202    
 10391 PIEPNGUTE013  0.9652E-01  0.1133    
 10390 PIEPNG-AM069  0.9607E-01  0.1181    
 10351 CACHO1-AM069  0.9040E-01  0.1043    
 10363 JTEIX3-AM000  0.8849E-01  0.7937E-01
 10361 JTEIX1-AM000  0.8825E-01  0.7882E-01
 10362 JTEIX2-AM000  0.8825E-01  0.7882E-01
 10364 JTEIX4-AM000  0.8825E-01  0.7882E-01
 10369 JTEIX5-AM000  0.8825E-01  0.7882E-01
 10490 REDENC-AM069  0.8795E-01  0.1068    
 10395 SERING-AM069  0.8789E-01  0.1021    
 10550 DISTR3-AM138  0.8432E-01  0.7175E-01
 10511 J.TEIX-AM138  0.8311E-01  0.6754E-01
 10379 AMBEV--AM069  0.8233E-01  0.9711E-01
 10370 FLORES-AM069  0.8229E-01  0.9704E-01
 10394 SHOPMA-AM069  0.8114E-01  0.9028E-01
 10424 MANA-2-AM000  0.7520E-01  0.1094    
 10426 MANA-3-AM000  0.7520E-01  0.1094    
 10428 MANA-4-AM000  0.7520E-01  0.1094    
 10422 MANA-1-AM000  0.7375E-01  0.1019    
 10466 SIVAM--AM069  0.6878E-01  0.1664    
 10401 MANA1A-AM069  0.6351E-01  0.6365E-01
 10460 STOANT-AM069  0.6218E-01  0.1533    
 
 
Numero do incremento de carga:  49
Carregamento do sistema =   109.7169
Arquivo Historico: CONT_001.SAV          
Caso #42
Parametro de Continuacao: Tensao na barra 10430 CIDNOV-AM069
Inverso da norma do vetor tangente:    168.8    
X------------------X-----------------------X
      Barra               Vetor Tangente    
 Num.      Nome        Tensao      Angulo   
X-----X------------X-----------X-----------X
 10430 CIDNOV-AM069  -1.000      -1.452    
 10402 MANAU2-AM069 -0.8976     -0.9477    
 10345 CONSE2-AM069 -0.7891     -0.5149    
 10450 SJOSE--AM069 -0.7372     -0.6281    
 10451 PLACIB-AM069 -0.5903     -0.3115    
 10492 MARAPA-AM069 -0.4191     -0.2032    
 10421 CESPEC-AM069 -0.4191     -0.2049    
 10350 CACHO2-AM069 -0.4189     -0.2087    
 10420 DISTR1-AM069 -0.4181     -0.1917    
 10513 MUBL4D-AM069 -0.4145     -0.1450    
 10509 MUBL4M-AM069 -0.4145     -0.1449    
 10440 DISTR2-AM069 -0.4145     -0.1659    
 10320 MAUAB1-AM069 -0.4144     -0.1434    
 10325 MAUAB2-AM069 -0.4144     -0.1432    
 10335 MAUA2M-AM069 -0.4142     -0.1419    
 10344 CONSE1-AM069 -0.4137     -0.1363    
 10505 MAUA-3-AM069 -0.4137     -0.1362    
 10445 TAMBAQ-AM069 -0.4060     -0.1297    
 10447 PIETBQUTE013 -0.3676     -0.4773E-01
 10480 MANACA-AM069  0.3005      0.5077    
 10384 MAU3-4-AM000 -0.2516     -0.4981E-02
 10485 IRANDU-AM069  0.1673      0.2323    
 10306 IRANDU-AM138  0.1640      0.2322    
 10540 COMPEN-AM138  0.1489      0.2148    
 10545 CENTRO-AM138  0.1456      0.2050    
 10308 PARQ10-AM138  0.1376      0.1818    
 10530 CGRAND-AM138  0.1359      0.1750    
 10520 MUTIRA-AM138  0.1145      0.1220    
 10393 PISMAE-AM069  0.1089      0.1413    
 10300 APAREC-AM069  0.1019      0.1298    
 10504 MAUA-3-AM138 -0.9933E-01 -0.1061E-02
 10310 DI-4---AM138 -0.9881E-01  0.1109E-03
 10380 PNEGRA-AM069  0.9860E-01  0.1233    
 10391 PIEPNGUTE013  0.9806E-01  0.1163    
 10390 PIEPNG-AM069  0.9760E-01  0.1213    
 10351 CACHO1-AM069  0.9170E-01  0.1070    
 10363 JTEIX3-AM000  0.9008E-01  0.8140E-01
 10361 JTEIX1-AM000  0.8983E-01  0.8084E-01
 10362 JTEIX2-AM000  0.8983E-01  0.8084E-01
 10364 JTEIX4-AM000  0.8983E-01  0.8084E-01
 10369 JTEIX5-AM000  0.8983E-01  0.8084E-01
 10490 REDENC-AM069  0.8919E-01  0.1095    
 10395 SERING-AM069  0.8912E-01  0.1047    
 10550 DISTR3-AM138  0.8579E-01  0.7356E-01
 10511 J.TEIX-AM138  0.8454E-01  0.6921E-01
 10379 AMBEV--AM069  0.8338E-01  0.9956E-01
 10370 FLORES-AM069  0.8334E-01  0.9948E-01
 10394 SHOPMA-AM069  0.8214E-01  0.9251E-01
 10424 MANA-2-AM000  0.7601E-01  0.1122    
 10426 MANA-3-AM000  0.7601E-01  0.1122    
 10428 MANA-4-AM000  0.7601E-01  0.1122    
 10422 MANA-1-AM000  0.7452E-01  0.1045    
 10466 SIVAM--AM069  0.6969E-01  0.1711    
 10401 MANA1A-AM069  0.6394E-01  0.6509E-01
 10460 STOANT-AM069  0.6287E-01  0.1576    
 
 
Numero do incremento de carga:  50
Carregamento do sistema =   108.9602
Arquivo Historico: CONT_001.SAV          
Caso #43
Parametro de Continuacao: Tensao na barra 10430 CIDNOV-AM069
Inverso da norma do vetor tangente:    141.0    
X------------------X-----------------------X
      Barra               Vetor Tangente    
 Num.      Nome        Tensao      Angulo   
X-----X------------X-----------X-----------X
 10430 CIDNOV-AM069  -1.000      -1.453    
 10402 MANAU2-AM069 -0.8953     -0.9334    
 10345 CONSE2-AM069 -0.7855     -0.4944    
 10450 SJOSE--AM069 -0.7313     -0.6080    
 10451 PLACIB-AM069 -0.5826     -0.2916    
 10492 MARAPA-AM069 -0.4087     -0.1828    
 10421 CESPEC-AM069 -0.4085     -0.1843    
 10350 CACHO2-AM069 -0.4084     -0.1878    
 10420 DISTR1-AM069 -0.4078     -0.1720    
 10513 MUBL4D-AM069 -0.4051     -0.1282    
 10509 MUBL4M-AM069 -0.4051     -0.1282    
 10320 MAUAB1-AM069 -0.4050     -0.1267    
 10325 MAUAB2-AM069 -0.4050     -0.1266    
 10335 MAUA2M-AM069 -0.4048     -0.1253    
 10344 CONSE1-AM069 -0.4044     -0.1201    
 10505 MAUA-3-AM069 -0.4044     -0.1200    
 10440 DISTR2-AM069 -0.4043     -0.1472    
 10445 TAMBAQ-AM069 -0.3961     -0.1115    
 10447 PIETBQUTE013 -0.3585     -0.3076E-01
 10480 MANACA-AM069  0.3087      0.5227    
 10384 MAU3-4-AM000 -0.2447      0.2208E-02
 10485 IRANDU-AM069  0.1717      0.2397    
 10306 IRANDU-AM138  0.1682      0.2396    
 10540 COMPEN-AM138  0.1528      0.2216    
 10545 CENTRO-AM138  0.1493      0.2116    
 10308 PARQ10-AM138  0.1411      0.1875    
 10530 CGRAND-AM138  0.1394      0.1806    
 10520 MUTIRA-AM138  0.1172      0.1258    
 10393 PISMAE-AM069  0.1111      0.1456    
 10300 APAREC-AM069  0.1038      0.1337    
 10380 PNEGRA-AM069  0.1004      0.1271    
 10391 PIEPNGUTE013  0.9985E-01  0.1200    
 10390 PIEPNG-AM069  0.9938E-01  0.1250    
 10504 MAUA-3-AM138 -0.9654E-01 -0.4985E-03
 10310 DI-4---AM138 -0.9598E-01  0.7959E-03
 10351 CACHO1-AM069  0.9321E-01  0.1101    
 10363 JTEIX3-AM000  0.9192E-01  0.8381E-01
 10361 JTEIX1-AM000  0.9167E-01  0.8322E-01
 10362 JTEIX2-AM000  0.9167E-01  0.8322E-01
 10364 JTEIX4-AM000  0.9167E-01  0.8322E-01
 10369 JTEIX5-AM000  0.9167E-01  0.8322E-01
 10490 REDENC-AM069  0.9063E-01  0.1128    
 10395 SERING-AM069  0.9053E-01  0.1077    
 10550 DISTR3-AM138  0.8750E-01  0.7569E-01
 10511 J.TEIX-AM138  0.8620E-01  0.7120E-01
 10379 AMBEV--AM069  0.8459E-01  0.1025    
 10370 FLORES-AM069  0.8455E-01  0.1024    
 10394 SHOPMA-AM069  0.8329E-01  0.9516E-01
 10424 MANA-2-AM000  0.7694E-01  0.1155    
 10426 MANA-3-AM000  0.7694E-01  0.1155    
 10428 MANA-4-AM000  0.7694E-01  0.1155    
 10422 MANA-1-AM000  0.7539E-01  0.1076    
 10466 SIVAM--AM069  0.7076E-01  0.1768    
 10401 MANA1A-AM069  0.6442E-01  0.6679E-01
 10460 STOANT-AM069  0.6366E-01  0.1628    
 
 
Numero do incremento de carga:  51
Carregamento do sistema =   108.0071
Arquivo Historico: CONT_001.SAV          
Caso #44
Parametro de Continuacao: Tensao na barra 10430 CIDNOV-AM069
Inverso da norma do vetor tangente:    117.9    
X------------------X-----------------------X
      Barra               Vetor Tangente    
 Num.      Nome        Tensao      Angulo   
X-----X------------X-----------X-----------X
 10430 CIDNOV-AM069  -1.000      -1.455    
 10402 MANAU2-AM069 -0.8924     -0.9150    
 10345 CONSE2-AM069 -0.7811     -0.4686    
 10450 SJOSE--AM069 -0.7239     -0.5826    
 10451 PLACIB-AM069 -0.5730     -0.2668    
 10492 MARAPA-AM069 -0.3956     -0.1575    
 10421 CESPEC-AM069 -0.3953     -0.1588    
 10350 CACHO2-AM069 -0.3952     -0.1619    
 10420 DISTR1-AM069 -0.3948     -0.1474    
 10513 MUBL4D-AM069 -0.3933     -0.1075    
 10509 MUBL4M-AM069 -0.3933     -0.1074    
 10320 MAUAB1-AM069 -0.3933     -0.1061    
 10325 MAUAB2-AM069 -0.3933     -0.1059    
 10335 MAUA2M-AM069 -0.3932     -0.1048    
 10344 CONSE1-AM069 -0.3929     -0.1000    
 10505 MAUA-3-AM069 -0.3929     -0.9992E-01
 10440 DISTR2-AM069 -0.3918     -0.1241    
 10445 TAMBAQ-AM069 -0.3838     -0.8900E-01
 10447 PIETBQUTE013 -0.3473     -0.9888E-02
 10480 MANACA-AM069  0.3181      0.5400    
 10384 MAU3-4-AM000 -0.2362      0.1099E-01
 10485 IRANDU-AM069  0.1767      0.2484    
 10306 IRANDU-AM138  0.1732      0.2483    
 10540 COMPEN-AM138  0.1573      0.2297    
 10545 CENTRO-AM138  0.1537      0.2192    
 10308 PARQ10-AM138  0.1452      0.1943    
 10530 CGRAND-AM138  0.1433      0.1871    
 10520 MUTIRA-AM138  0.1203      0.1302    
 10393 PISMAE-AM069  0.1136      0.1507    
 10300 APAREC-AM069  0.1059      0.1384    
 10380 PNEGRA-AM069  0.1025      0.1315    
 10391 PIEPNGUTE013  0.1019      0.1243    
 10390 PIEPNG-AM069  0.1014      0.1294    
 10351 CACHO1-AM069  0.9495E-01  0.1138    
 10363 JTEIX3-AM000  0.9404E-01  0.8664E-01
 10361 JTEIX1-AM000  0.9378E-01  0.8603E-01
 10362 JTEIX2-AM000  0.9378E-01  0.8603E-01
 10364 JTEIX4-AM000  0.9378E-01  0.8603E-01
 10369 JTEIX5-AM000  0.9378E-01  0.8603E-01
 10504 MAUA-3-AM138 -0.9306E-01  0.1842E-03
 10310 DI-4---AM138 -0.9246E-01  0.1627E-02
 10490 REDENC-AM069  0.9227E-01  0.1166    
 10395 SERING-AM069  0.9215E-01  0.1114    
 10550 DISTR3-AM138  0.8946E-01  0.7821E-01
 10511 J.TEIX-AM138  0.8810E-01  0.7353E-01
 10379 AMBEV--AM069  0.8597E-01  0.1059    
 10370 FLORES-AM069  0.8593E-01  0.1058    
 10394 SHOPMA-AM069  0.8460E-01  0.9829E-01
 10424 MANA-2-AM000  0.7798E-01  0.1195    
 10426 MANA-3-AM000  0.7798E-01  0.1195    
 10428 MANA-4-AM000  0.7798E-01  0.1195    
 10422 MANA-1-AM000  0.7636E-01  0.1112    
 10466 SIVAM--AM069  0.7199E-01  0.1835    
 10401 MANA1A-AM069  0.6493E-01  0.6880E-01
 10460 STOANT-AM069  0.6457E-01  0.1689    
 
 
Numero do incremento de carga:  52
Carregamento do sistema =   106.7990
Arquivo Historico: CONT_001.SAV          
Caso #45
Parametro de Continuacao: Tensao na barra 10430 CIDNOV-AM069
Inverso da norma do vetor tangente:    98.66    
X------------------X-----------------------X
      Barra               Vetor Tangente    
 Num.      Nome        Tensao      Angulo   
X-----X------------X-----------X-----------X
 10430 CIDNOV-AM069  -1.000      -1.457    
 10402 MANAU2-AM069 -0.8888     -0.8910    
 10345 CONSE2-AM069 -0.7755     -0.4357    
 10450 SJOSE--AM069 -0.7145     -0.5499    
 10451 PLACIB-AM069 -0.5608     -0.2356    
 10492 MARAPA-AM069 -0.3793     -0.1258    
 10421 CESPEC-AM069 -0.3787     -0.1268    
 10350 CACHO2-AM069 -0.3786     -0.1295    
 10420 DISTR1-AM069 -0.3786     -0.1167    
 10320 MAUAB1-AM069 -0.3786     -0.8039E-01
 10325 MAUAB2-AM069 -0.3786     -0.8025E-01
 10513 MUBL4D-AM069 -0.3786     -0.8159E-01
 10509 MUBL4M-AM069 -0.3786     -0.8152E-01
 10335 MAUA2M-AM069 -0.3785     -0.7927E-01
 10505 MAUA-3-AM069 -0.3784     -0.7493E-01
 10344 CONSE1-AM069 -0.3784     -0.7501E-01
 10440 DISTR2-AM069 -0.3759     -0.9518E-01
 10445 TAMBAQ-AM069 -0.3683     -0.6101E-01
 10447 PIETBQUTE013 -0.3332      0.1592E-01
 10480 MANACA-AM069  0.3289      0.5602    
 10384 MAU3-4-AM000 -0.2254      0.2176E-01
 10485 IRANDU-AM069  0.1825      0.2586    
 10306 IRANDU-AM138  0.1789      0.2585    
 10540 COMPEN-AM138  0.1625      0.2392    
 10545 CENTRO-AM138  0.1588      0.2283    
 10308 PARQ10-AM138  0.1499      0.2024    
 10530 CGRAND-AM138  0.1480      0.1948    
 10520 MUTIRA-AM138  0.1239      0.1355    
 10393 PISMAE-AM069  0.1165      0.1568    
 10300 APAREC-AM069  0.1085      0.1439    
 10380 PNEGRA-AM069  0.1049      0.1368    
 10391 PIEPNGUTE013  0.1043      0.1294    
 10390 PIEPNG-AM069  0.1038      0.1346    
 10351 CACHO1-AM069  0.9693E-01  0.1182    
 10363 JTEIX3-AM000  0.9646E-01  0.8998E-01
 10361 JTEIX1-AM000  0.9618E-01  0.8935E-01
 10362 JTEIX2-AM000  0.9618E-01  0.8935E-01
 10364 JTEIX4-AM000  0.9618E-01  0.8935E-01
 10369 JTEIX5-AM000  0.9618E-01  0.8935E-01
 10490 REDENC-AM069  0.9415E-01  0.1212    
 10395 SERING-AM069  0.9400E-01  0.1157    
 10550 DISTR3-AM138  0.9169E-01  0.8117E-01
 10511 J.TEIX-AM138  0.9026E-01  0.7629E-01
 10504 MAUA-3-AM138 -0.8868E-01  0.1014E-02
 10310 DI-4---AM138 -0.8803E-01  0.2637E-02
 10379 AMBEV--AM069  0.8754E-01  0.1100    
 10370 FLORES-AM069  0.8749E-01  0.1099    
 10394 SHOPMA-AM069  0.8608E-01  0.1020    
 10424 MANA-2-AM000  0.7914E-01  0.1241    
 10426 MANA-3-AM000  0.7914E-01  0.1241    
 10428 MANA-4-AM000  0.7914E-01  0.1241    
 10422 MANA-1-AM000  0.7744E-01  0.1155    
 10466 SIVAM--AM069  0.7340E-01  0.1915    
 10460 STOANT-AM069  0.6561E-01  0.1763    
 10401 MANA1A-AM069  0.6547E-01  0.7117E-01
 10012 LECHUG-AM500 -0.5478E-01 -0.1399    
 
 
Numero do incremento de carga:  53
Carregamento do sistema =   105.2576
Arquivo Historico: CONT_001.SAV          
Caso #46
Parametro de Continuacao: Tensao na barra 10430 CIDNOV-AM069
Inverso da norma do vetor tangente:    82.65    
X------------------X-----------------------X
      Barra               Vetor Tangente    
 Num.      Nome        Tensao      Angulo   
X-----X------------X-----------X-----------X
 10430 CIDNOV-AM069  -1.000      -1.458    
 10402 MANAU2-AM069 -0.8842     -0.8590    
 10345 CONSE2-AM069 -0.7682     -0.3932    
 10450 SJOSE--AM069 -0.7023     -0.5075    
 10451 PLACIB-AM069 -0.5452     -0.1959    
 10505 MAUA-3-AM069 -0.3600     -0.4356E-01
 10344 CONSE1-AM069 -0.3600     -0.4362E-01
 10320 MAUAB1-AM069 -0.3599     -0.4808E-01
 10325 MAUAB2-AM069 -0.3599     -0.4796E-01
 10335 MAUA2M-AM069 -0.3599     -0.4716E-01
 10509 MUBL4M-AM069 -0.3598     -0.4901E-01
 10513 MUBL4D-AM069 -0.3598     -0.4906E-01
 10492 MARAPA-AM069 -0.3585     -0.8573E-01
 10420 DISTR1-AM069 -0.3580     -0.7796E-01
 10421 CESPEC-AM069 -0.3576     -0.8639E-01
 10350 CACHO2-AM069 -0.3576     -0.8852E-01
 10440 DISTR2-AM069 -0.3559     -0.5879E-01
 10445 TAMBAQ-AM069 -0.3486     -0.2590E-01
 10480 MANACA-AM069  0.3414      0.5835    
 10447 PIETBQUTE013 -0.3153      0.4803E-01
 10384 MAU3-4-AM000 -0.2118      0.3505E-01
 10485 IRANDU-AM069  0.1893      0.2706    
 10306 IRANDU-AM138  0.1855      0.2705    
 10540 COMPEN-AM138  0.1686      0.2503    
 10545 CENTRO-AM138  0.1646      0.2390    
 10308 PARQ10-AM138  0.1553      0.2118    
 10530 CGRAND-AM138  0.1533      0.2039    
 10520 MUTIRA-AM138  0.1280      0.1417    
 10393 PISMAE-AM069  0.1198      0.1640    
 10300 APAREC-AM069  0.1113      0.1504    
 10380 PNEGRA-AM069  0.1076      0.1430    
 10391 PIEPNGUTE013  0.1070      0.1354    
 10390 PIEPNG-AM069  0.1065      0.1408    
 10363 JTEIX3-AM000  0.9920E-01  0.9392E-01
 10351 CACHO1-AM069  0.9918E-01  0.1234    
 10361 JTEIX1-AM000  0.9891E-01  0.9325E-01
 10362 JTEIX2-AM000  0.9891E-01  0.9325E-01
 10364 JTEIX4-AM000  0.9891E-01  0.9325E-01
 10369 JTEIX5-AM000  0.9891E-01  0.9325E-01
 10490 REDENC-AM069  0.9627E-01  0.1265    
 10395 SERING-AM069  0.9608E-01  0.1207    
 10550 DISTR3-AM138  0.9422E-01  0.8467E-01
 10511 J.TEIX-AM138  0.9271E-01  0.7953E-01
 10379 AMBEV--AM069  0.8928E-01  0.1148    
 10370 FLORES-AM069  0.8924E-01  0.1147    
 10394 SHOPMA-AM069  0.8773E-01  0.1064    
 10504 MAUA-3-AM138 -0.8313E-01  0.2027E-02
 10310 DI-4---AM138 -0.8242E-01  0.3869E-02
 10424 MANA-2-AM000  0.8041E-01  0.1297    
 10426 MANA-3-AM000  0.8041E-01  0.1297    
 10428 MANA-4-AM000  0.8041E-01  0.1297    
 10422 MANA-1-AM000  0.7861E-01  0.1206    
 10466 SIVAM--AM069  0.7502E-01  0.2011    
 10012 LECHUG-AM500 -0.6814E-01 -0.1476    
 10460 STOANT-AM069  0.6678E-01  0.1851    
 10401 MANA1A-AM069  0.6599E-01  0.7397E-01
 
 
Numero do incremento de carga:  54
Carregamento do sistema =   103.2765
Arquivo Historico: CONT_001.SAV          
Caso #47
Parametro de Continuacao: Tensao na barra 10430 CIDNOV-AM069
Inverso da norma do vetor tangente:    69.33    
X------------------X-----------------------X
      Barra               Vetor Tangente    
 Num.      Nome        Tensao      Angulo   
X-----X------------X-----------X-----------X
 10430 CIDNOV-AM069  -1.000      -1.459    
 10402 MANAU2-AM069 -0.8782     -0.8155    
 10345 CONSE2-AM069 -0.7589     -0.3376    
 10450 SJOSE--AM069 -0.6866     -0.4513    
 10451 PLACIB-AM069 -0.5249     -0.1447    
 10480 MANACA-AM069  0.3557      0.6105    
 10505 MAUA-3-AM069 -0.3364     -0.3772E-02
 10344 CONSE1-AM069 -0.3364     -0.3823E-02
 10335 MAUA2M-AM069 -0.3360     -0.6409E-02
 10325 MAUAB2-AM069 -0.3359     -0.6989E-02
 10320 MAUAB1-AM069 -0.3359     -0.7077E-02
 10509 MUBL4M-AM069 -0.3357     -0.7744E-02
 10513 MUBL4D-AM069 -0.3357     -0.7782E-02
 10492 MARAPA-AM069 -0.3320     -0.3467E-01
 10420 DISTR1-AM069 -0.3316     -0.2858E-01
 10350 CACHO2-AM069 -0.3308     -0.3624E-01
 10421 CESPEC-AM069 -0.3307     -0.3486E-01
 10440 DISTR2-AM069 -0.3302     -0.1253E-01
 10445 TAMBAQ-AM069 -0.3234      0.1856E-01
 10447 PIETBQUTE013 -0.2924      0.8832E-01
 10485 IRANDU-AM069  0.1971      0.2848    
 10384 MAU3-4-AM000 -0.1944      0.5156E-01
 10306 IRANDU-AM138  0.1931      0.2847    
 10540 COMPEN-AM138  0.1755      0.2635    
 10545 CENTRO-AM138  0.1714      0.2515    
 10308 PARQ10-AM138  0.1615      0.2229    
 10530 CGRAND-AM138  0.1594      0.2146    
 10520 MUTIRA-AM138  0.1326      0.1491    
 10393 PISMAE-AM069  0.1235      0.1725    
 10300 APAREC-AM069  0.1146      0.1581    
 10380 PNEGRA-AM069  0.1107      0.1504    
 10391 PIEPNGUTE013  0.1101      0.1427    
 10390 PIEPNG-AM069  0.1095      0.1481    
 10363 JTEIX3-AM000  0.1023      0.9858E-01
 10361 JTEIX1-AM000  0.1020      0.9787E-01
 10362 JTEIX2-AM000  0.1020      0.9787E-01
 10364 JTEIX4-AM000  0.1020      0.9787E-01
 10369 JTEIX5-AM000  0.1020      0.9787E-01
 10351 CACHO1-AM069  0.1017      0.1296    
 10490 REDENC-AM069  0.9864E-01  0.1330    
 10395 SERING-AM069  0.9841E-01  0.1268    
 10550 DISTR3-AM138  0.9705E-01  0.8880E-01
 10511 J.TEIX-AM138  0.9544E-01  0.8337E-01
 10379 AMBEV--AM069  0.9122E-01  0.1205    
 10370 FLORES-AM069  0.9117E-01  0.1204    
 10394 SHOPMA-AM069  0.8954E-01  0.1116    
 10012 LECHUG-AM500 -0.8446E-01 -0.1570    
 10424 MANA-2-AM000  0.8176E-01  0.1362    
 10426 MANA-3-AM000  0.8176E-01  0.1362    
 10428 MANA-4-AM000  0.8176E-01  0.1362    
 10422 MANA-1-AM000  0.7985E-01  0.1266    
 10466 SIVAM--AM069  0.7687E-01  0.2128    
 10504 MAUA-3-AM138 -0.7602E-01  0.3268E-02
 10310 DI-4---AM138 -0.7523E-01  0.5380E-02
 10460 STOANT-AM069  0.6808E-01  0.1957    
 10401 MANA1A-AM069  0.6646E-01  0.7729E-01
 
 
Numero do incremento de carga:  55
Carregamento do sistema =   100.7089
Arquivo Historico: CONT_001.SAV          
Caso #48
Parametro de Continuacao: Tensao na barra 10430 CIDNOV-AM069
Inverso da norma do vetor tangente:    58.27    
X------------------X-----------------------X
      Barra               Vetor Tangente    
 Num.      Nome        Tensao      Angulo   
X-----X------------X-----------X-----------X
 10430 CIDNOV-AM069  -1.000      -1.457    
 10402 MANAU2-AM069 -0.8703     -0.7548    
 10345 CONSE2-AM069 -0.7466     -0.2633    
 10450 SJOSE--AM069 -0.6657     -0.3755    
 10451 PLACIB-AM069 -0.4983     -0.7785E-01
 10480 MANACA-AM069  0.3721      0.6420    
 10505 MAUA-3-AM069 -0.3057      0.4727E-01
 10344 CONSE1-AM069 -0.3057      0.4724E-01
 10335 MAUA2M-AM069 -0.3050      0.4590E-01
 10325 MAUAB2-AM069 -0.3048      0.4562E-01
 10320 MAUAB1-AM069 -0.3048      0.4557E-01
 10509 MUBL4M-AM069 -0.3045      0.4525E-01
 10513 MUBL4D-AM069 -0.3045      0.4523E-01
 10492 MARAPA-AM069 -0.2975      0.3125E-01
 10420 DISTR1-AM069 -0.2974      0.3511E-01
 10440 DISTR2-AM069 -0.2969      0.4698E-01
 10350 CACHO2-AM069 -0.2959      0.3129E-01
 10421 CESPEC-AM069 -0.2958      0.3168E-01
 10445 TAMBAQ-AM069 -0.2907      0.7551E-01
 10447 PIETBQUTE013 -0.2628      0.1394    
 10485 IRANDU-AM069  0.2061      0.3017    
 10306 IRANDU-AM138  0.2020      0.3016    
 10540 COMPEN-AM138  0.1836      0.2792    
 10545 CENTRO-AM138  0.1792      0.2665    
 10384 MAU3-4-AM000 -0.1719      0.7229E-01
 10308 PARQ10-AM138  0.1687      0.2362    
 10530 CGRAND-AM138  0.1664      0.2274    
 10520 MUTIRA-AM138  0.1380      0.1579    
 10393 PISMAE-AM069  0.1278      0.1828    
 10300 APAREC-AM069  0.1183      0.1674    
 10380 PNEGRA-AM069  0.1142      0.1593    
 10391 PIEPNGUTE013  0.1136      0.1514    
 10390 PIEPNG-AM069  0.1130      0.1570    
 10363 JTEIX3-AM000  0.1057      0.1041    
 10361 JTEIX1-AM000  0.1054      0.1034    
 10362 JTEIX2-AM000  0.1054      0.1034    
 10364 JTEIX4-AM000  0.1054      0.1034    
 10369 JTEIX5-AM000  0.1054      0.1034    
 10012 LECHUG-AM500 -0.1046     -0.1685    
 10351 CACHO1-AM069  0.1045      0.1371    
 10490 REDENC-AM069  0.1013      0.1407    
 10395 SERING-AM069  0.1010      0.1340    
 10550 DISTR3-AM138  0.1002      0.9374E-01
 10511 J.TEIX-AM138  0.9848E-01  0.8794E-01
 10379 AMBEV--AM069  0.9334E-01  0.1274    
 10370 FLORES-AM069  0.9328E-01  0.1273    
 10394 SHOPMA-AM069  0.9151E-01  0.1179    
 10424 MANA-2-AM000  0.8318E-01  0.1441    
 10426 MANA-3-AM000  0.8318E-01  0.1441    
 10428 MANA-4-AM000  0.8318E-01  0.1441    
 10422 MANA-1-AM000  0.8113E-01  0.1339    
 10466 SIVAM--AM069  0.7898E-01  0.2269    
 10460 STOANT-AM069  0.6953E-01  0.2087    
 10401 MANA1A-AM069  0.6683E-01  0.8127E-01
 10504 MAUA-3-AM138 -0.6681E-01  0.4800E-02
 10310 DI-4---AM138 -0.6593E-01  0.7246E-02
 10110 LECHUG-AM230 -0.5557E-01 -0.1167    
 10405 CROCHA-AM230 -0.5529E-01 -0.1160    
 10120 LECHU1-AM000 -0.5497E-01 -0.1159    
 10406 CROCHAUTE013 -0.5293E-01 -0.1095    
 10410 BALBIN-AM230 -0.5190E-01 -0.1071    
 10419 P.FIG.-AM230 -0.5156E-01 -0.1076    
 
 
Numero do incremento de carga:  58
Carregamento do sistema =    99.8976
Arquivo Historico: CONT_001.SAV          
Caso #49
Parametro de Continuacao: Tensao na barra 10430 CIDNOV-AM069
Inverso da norma do vetor tangente:    188.5    
X------------------X-----------------------X
      Barra               Vetor Tangente    
 Num.      Nome        Tensao      Angulo   
X-----X------------X-----------X-----------X
 10430 CIDNOV-AM069  -1.000      -1.392    
 10402 MANAU2-AM069 -0.8507     -0.6409    
 10345 CONSE2-AM069 -0.7170     -0.1555    
 10450 SJOSE--AM069 -0.6240     -0.2599    
 10451 PLACIB-AM069 -0.4496      0.1056E-01
 10480 MANACA-AM069  0.3728      0.6520    
 10505 MAUA-3-AM069 -0.2561      0.1091    
 10344 CONSE1-AM069 -0.2561      0.1091    
 10335 MAUA2M-AM069 -0.2550      0.1094    
 10325 MAUAB2-AM069 -0.2547      0.1095    
 10320 MAUAB1-AM069 -0.2547      0.1096    
 10509 MUBL4M-AM069 -0.2542      0.1097    
 10513 MUBL4D-AM069 -0.2542      0.1097    
 10440 DISTR2-AM069 -0.2442      0.1196    
 10420 DISTR1-AM069 -0.2437      0.1137    
 10492 MARAPA-AM069 -0.2434      0.1129    
 10350 CACHO2-AM069 -0.2414      0.1149    
 10421 CESPEC-AM069 -0.2412      0.1141    
 10445 TAMBAQ-AM069 -0.2391      0.1435    
 10447 PIETBQUTE013 -0.2159      0.1967    
 10485 IRANDU-AM069  0.2072      0.3092    
 10306 IRANDU-AM138  0.2031      0.3092    
 10540 COMPEN-AM138  0.1847      0.2862    
 10545 CENTRO-AM138  0.1802      0.2732    
 10308 PARQ10-AM138  0.1695      0.2422    
 10530 CGRAND-AM138  0.1671      0.2332    
 10520 MUTIRA-AM138  0.1381      0.1618    
 10384 MAU3-4-AM000 -0.1370      0.9473E-01
 10393 PISMAE-AM069  0.1272      0.1875    
 10012 LECHUG-AM500 -0.1248     -0.1756    
 10300 APAREC-AM069  0.1175      0.1716    
 10380 PNEGRA-AM069  0.1132      0.1634    
 10391 PIEPNGUTE013  0.1127      0.1556    
 10390 PIEPNG-AM069  0.1121      0.1611    
 10363 JTEIX3-AM000  0.1050      0.1065    
 10361 JTEIX1-AM000  0.1047      0.1057    
 10362 JTEIX2-AM000  0.1047      0.1057    
 10364 JTEIX4-AM000  0.1047      0.1057    
 10369 JTEIX5-AM000  0.1047      0.1057    
 10351 CACHO1-AM069  0.1032      0.1404    
 10490 REDENC-AM069  0.9994E-01  0.1441    
 10395 SERING-AM069  0.9959E-01  0.1372    
 10550 DISTR3-AM138  0.9945E-01  0.9574E-01
 10511 J.TEIX-AM138  0.9765E-01  0.8975E-01
 10379 AMBEV--AM069  0.9171E-01  0.1304    
 10370 FLORES-AM069  0.9165E-01  0.1303    
 10394 SHOPMA-AM069  0.8978E-01  0.1205    
 10424 MANA-2-AM000  0.8116E-01  0.1476    
 10426 MANA-3-AM000  0.8116E-01  0.1476    
 10428 MANA-4-AM000  0.8116E-01  0.1476    
 10422 MANA-1-AM000  0.7903E-01  0.1371    
 10466 SIVAM--AM069  0.7807E-01  0.2348    
 10460 STOANT-AM069  0.6823E-01  0.2160    
 10110 LECHUG-AM230 -0.6783E-01 -0.1222    
 10405 CROCHA-AM230 -0.6752E-01 -0.1214    
 10120 LECHU1-AM000 -0.6712E-01 -0.1213    
 10406 CROCHAUTE013 -0.6464E-01 -0.1134    
 10401 MANA1A-AM069  0.6428E-01  0.8269E-01
 10410 BALBIN-AM230 -0.6383E-01 -0.1114    
 10419 P.FIG.-AM230 -0.6361E-01 -0.1122    
 10411 BALBI1UHE013 -0.6025E-01 -0.1062    
 10416 P.FIG.-AM069 -0.5573E-01 -0.9509E-01
 10417 P.FIG.-AM069 -0.5399E-01 -0.9265E-01
 10504 MAUA-3-AM138 -0.5258E-01  0.6441E-02
 10310 DI-4---AM138 -0.5162E-01  0.9194E-02
 
 
Numero do incremento de carga:  61
Carregamento do sistema =    99.6504
Arquivo Historico: CONT_001.SAV          
Caso #50
Parametro de Continuacao: Tensao na barra 10430 CIDNOV-AM069
Inverso da norma do vetor tangente:    622.7    
X------------------X-----------------------X
      Barra               Vetor Tangente    
 Num.      Nome        Tensao      Angulo   
X-----X------------X-----------X-----------X
 10430 CIDNOV-AM069  -1.000      -1.371    
 10402 MANAU2-AM069 -0.8442     -0.6046    
 10345 CONSE2-AM069 -0.7074     -0.1220    
 10450 SJOSE--AM069 -0.6105     -0.2238    
 10451 PLACIB-AM069 -0.4342      0.3757E-01
 10480 MANACA-AM069  0.3726      0.6544    
 10505 MAUA-3-AM069 -0.2409      0.1277    
 10344 CONSE1-AM069 -0.2408      0.1277    
 10335 MAUA2M-AM069 -0.2396      0.1286    
 10325 MAUAB2-AM069 -0.2392      0.1288    
 10320 MAUAB1-AM069 -0.2392      0.1288    
 10509 MUBL4M-AM069 -0.2387      0.1291    
 10513 MUBL4D-AM069 -0.2387      0.1291    
 10440 DISTR2-AM069 -0.2280      0.1415    
 10420 DISTR1-AM069 -0.2272      0.1374    
 10492 MARAPA-AM069 -0.2268      0.1375    
 10350 CACHO2-AM069 -0.2246      0.1402    
 10421 CESPEC-AM069 -0.2244      0.1390    
 10445 TAMBAQ-AM069 -0.2232      0.1639    
 10485 IRANDU-AM069  0.2073      0.3112    
 10306 IRANDU-AM138  0.2032      0.3112    
 10447 PIETBQUTE013 -0.2014      0.2137    
 10540 COMPEN-AM138  0.1849      0.2880    
 10545 CENTRO-AM138  0.1804      0.2750    
 10308 PARQ10-AM138  0.1696      0.2438    
 10530 CGRAND-AM138  0.1672      0.2347    
 10520 MUTIRA-AM138  0.1379      0.1629    
 10012 LECHUG-AM500 -0.1307     -0.1776    
 10393 PISMAE-AM069  0.1269      0.1888    
 10384 MAU3-4-AM000 -0.1263      0.1014    
 10300 APAREC-AM069  0.1171      0.1727    
 10380 PNEGRA-AM069  0.1128      0.1645    
 10391 PIEPNGUTE013  0.1123      0.1567    
 10390 PIEPNG-AM069  0.1117      0.1622    
 10363 JTEIX3-AM000  0.1047      0.1071    
 10361 JTEIX1-AM000  0.1044      0.1063    
 10362 JTEIX2-AM000  0.1044      0.1063    
 10364 JTEIX4-AM000  0.1044      0.1063    
 10369 JTEIX5-AM000  0.1044      0.1063    
 10351 CACHO1-AM069  0.1028      0.1412    
 10490 REDENC-AM069  0.9945E-01  0.1450    
 10550 DISTR3-AM138  0.9911E-01  0.9627E-01
 10395 SERING-AM069  0.9908E-01  0.1381    
 10511 J.TEIX-AM138  0.9730E-01  0.9023E-01
 10379 AMBEV--AM069  0.9114E-01  0.1312    
 10370 FLORES-AM069  0.9109E-01  0.1311    
 10394 SHOPMA-AM069  0.8918E-01  0.1212    
 10424 MANA-2-AM000  0.8048E-01  0.1486    
 10426 MANA-3-AM000  0.8048E-01  0.1486    
 10428 MANA-4-AM000  0.8048E-01  0.1486    
 10422 MANA-1-AM000  0.7833E-01  0.1379    
 10466 SIVAM--AM069  0.7774E-01  0.2371    
 10110 LECHUG-AM230 -0.7143E-01 -0.1237    
 10405 CROCHA-AM230 -0.7111E-01 -0.1229    
 10120 LECHU1-AM000 -0.7069E-01 -0.1229    
 10406 CROCHAUTE013 -0.6807E-01 -0.1145    
 10460 STOANT-AM069  0.6779E-01  0.2180    
 10410 BALBIN-AM230 -0.6734E-01 -0.1126    
 10419 P.FIG.-AM230 -0.6715E-01 -0.1135    
 10411 BALBI1UHE013 -0.6357E-01 -0.1072    
 10401 MANA1A-AM069  0.6345E-01  0.8306E-01
 10416 P.FIG.-AM069 -0.5914E-01 -0.9625E-01
 10417 P.FIG.-AM069 -0.5739E-01 -0.9379E-01
 
 
Numero do incremento de carga:  64
Carregamento do sistema =    99.5760
Arquivo Historico: CONT_001.SAV          
Caso #51
Parametro de Continuacao: Tensao na barra 10430 CIDNOV-AM069
Inverso da norma do vetor tangente:    2070.    
X------------------X-----------------------X
      Barra               Vetor Tangente    
 Num.      Nome        Tensao      Angulo   
X-----X------------X-----------X-----------X
 10430 CIDNOV-AM069  -1.000      -1.365    
 10402 MANAU2-AM069 -0.8422     -0.5935    
 10345 CONSE2-AM069 -0.7045     -0.1119    
 10450 SJOSE--AM069 -0.6064     -0.2128    
 10451 PLACIB-AM069 -0.4295      0.4571E-01
 10480 MANACA-AM069  0.3725      0.6550    
 10505 MAUA-3-AM069 -0.2362      0.1333    
 10344 CONSE1-AM069 -0.2362      0.1333    
 10335 MAUA2M-AM069 -0.2349      0.1343    
 10325 MAUAB2-AM069 -0.2346      0.1346    
 10320 MAUAB1-AM069 -0.2345      0.1346    
 10509 MUBL4M-AM069 -0.2340      0.1349    
 10513 MUBL4D-AM069 -0.2340      0.1349    
 10440 DISTR2-AM069 -0.2231      0.1481    
 10420 DISTR1-AM069 -0.2222      0.1445    
 10492 MARAPA-AM069 -0.2218      0.1449    
 10350 CACHO2-AM069 -0.2195      0.1478    
 10421 CESPEC-AM069 -0.2193      0.1464    
 10445 TAMBAQ-AM069 -0.2184      0.1700    
 10485 IRANDU-AM069  0.2073      0.3118    
 10306 IRANDU-AM138  0.2033      0.3117    
 10447 PIETBQUTE013 -0.1971      0.2188    
 10540 COMPEN-AM138  0.1849      0.2886    
 10545 CENTRO-AM138  0.1804      0.2755    
 10308 PARQ10-AM138  0.1696      0.2443    
 10530 CGRAND-AM138  0.1672      0.2352    
 10520 MUTIRA-AM138  0.1379      0.1632    
 10012 LECHUG-AM500 -0.1325     -0.1782    
 10393 PISMAE-AM069  0.1268      0.1891    
 10384 MAU3-4-AM000 -0.1231      0.1034    
 10300 APAREC-AM069  0.1170      0.1730    
 10380 PNEGRA-AM069  0.1127      0.1649    
 10391 PIEPNGUTE013  0.1122      0.1571    
 10390 PIEPNG-AM069  0.1116      0.1626    
 10363 JTEIX3-AM000  0.1046      0.1072    
 10361 JTEIX1-AM000  0.1043      0.1065    
 10362 JTEIX2-AM000  0.1043      0.1065    
 10364 JTEIX4-AM000  0.1043      0.1065    
 10369 JTEIX5-AM000  0.1043      0.1065    
 10351 CACHO1-AM069  0.1026      0.1415    
 10490 REDENC-AM069  0.9930E-01  0.1453    
 10550 DISTR3-AM138  0.9900E-01  0.9642E-01
 10395 SERING-AM069  0.9892E-01  0.1383    
 10511 J.TEIX-AM138  0.9718E-01  0.9037E-01
 10379 AMBEV--AM069  0.9096E-01  0.1314    
 10370 FLORES-AM069  0.9091E-01  0.1313    
 10394 SHOPMA-AM069  0.8899E-01  0.1214    
 10424 MANA-2-AM000  0.8027E-01  0.1489    
 10426 MANA-3-AM000  0.8027E-01  0.1489    
 10428 MANA-4-AM000  0.8027E-01  0.1489    
 10422 MANA-1-AM000  0.7812E-01  0.1382    
 10466 SIVAM--AM069  0.7764E-01  0.2378    
 10110 LECHUG-AM230 -0.7250E-01 -0.1242    
 10405 CROCHA-AM230 -0.7219E-01 -0.1234    
 10120 LECHU1-AM000 -0.7176E-01 -0.1234    
 10406 CROCHAUTE013 -0.6910E-01 -0.1148    
 10410 BALBIN-AM230 -0.6839E-01 -0.1129    
 10419 P.FIG.-AM230 -0.6820E-01 -0.1139    
 10460 STOANT-AM069  0.6765E-01  0.2187    
 10411 BALBI1UHE013 -0.6455E-01 -0.1075    
 10401 MANA1A-AM069  0.6320E-01  0.8317E-01
 10416 P.FIG.-AM069 -0.6016E-01 -0.9659E-01
 10417 P.FIG.-AM069 -0.5840E-01 -0.9413E-01
 
 
Numero do incremento de carga:  66
Carregamento do sistema =    99.5312
Arquivo Historico: CONT_001.SAV          
Caso #52
Parametro de Continuacao: Tensao na barra 10430 CIDNOV-AM069
Inverso da norma do vetor tangente:    3448.    
X------------------X-----------------------X
      Barra               Vetor Tangente    
 Num.      Nome        Tensao      Angulo   
X-----X------------X-----------X-----------X
 10430 CIDNOV-AM069  -1.000      -1.364    
 10402 MANAU2-AM069 -0.8417     -0.5904    
 10345 CONSE2-AM069 -0.7037     -0.1089    
 10450 SJOSE--AM069 -0.6053     -0.2095    
 10451 PLACIB-AM069 -0.4282      0.4817E-01
 10480 MANACA-AM069  0.3726      0.6554    
 10505 MAUA-3-AM069 -0.2349      0.1350    
 10344 CONSE1-AM069 -0.2349      0.1351    
 10335 MAUA2M-AM069 -0.2336      0.1361    
 10325 MAUAB2-AM069 -0.2332      0.1363    
 10320 MAUAB1-AM069 -0.2332      0.1364    
 10509 MUBL4M-AM069 -0.2327      0.1367    
 10513 MUBL4D-AM069 -0.2327      0.1367    
 10440 DISTR2-AM069 -0.2217      0.1501    
 10420 DISTR1-AM069 -0.2207      0.1467    
 10492 MARAPA-AM069 -0.2203      0.1472    
 10350 CACHO2-AM069 -0.2181      0.1501    
 10421 CESPEC-AM069 -0.2179      0.1487    
 10445 TAMBAQ-AM069 -0.2170      0.1719    
 10485 IRANDU-AM069  0.2074      0.3121    
 10306 IRANDU-AM138  0.2033      0.3120    
 10447 PIETBQUTE013 -0.1959      0.2204    
 10540 COMPEN-AM138  0.1850      0.2888    
 10545 CENTRO-AM138  0.1804      0.2758    
 10308 PARQ10-AM138  0.1697      0.2445    
 10530 CGRAND-AM138  0.1673      0.2354    
 10520 MUTIRA-AM138  0.1379      0.1633    
 10012 LECHUG-AM500 -0.1331     -0.1785    
 10393 PISMAE-AM069  0.1268      0.1893    
 10384 MAU3-4-AM000 -0.1222      0.1040    
 10300 APAREC-AM069  0.1170      0.1732    
 10380 PNEGRA-AM069  0.1127      0.1650    
 10391 PIEPNGUTE013  0.1122      0.1572    
 10390 PIEPNG-AM069  0.1116      0.1627    
 10363 JTEIX3-AM000  0.1046      0.1073    
 10361 JTEIX1-AM000  0.1043      0.1066    
 10362 JTEIX2-AM000  0.1043      0.1066    
 10364 JTEIX4-AM000  0.1043      0.1066    
 10369 JTEIX5-AM000  0.1043      0.1066    
 10351 CACHO1-AM069  0.1026      0.1416    
 10490 REDENC-AM069  0.9929E-01  0.1455    
 10550 DISTR3-AM138  0.9901E-01  0.9650E-01
 10395 SERING-AM069  0.9891E-01  0.1384    
 10511 J.TEIX-AM138  0.9718E-01  0.9044E-01
 10379 AMBEV--AM069  0.9095E-01  0.1315    
 10370 FLORES-AM069  0.9089E-01  0.1314    
 10394 SHOPMA-AM069  0.8897E-01  0.1215    
 10424 MANA-2-AM000  0.8024E-01  0.1490    
 10426 MANA-3-AM000  0.8024E-01  0.1490    
 10428 MANA-4-AM000  0.8024E-01  0.1490    
 10422 MANA-1-AM000  0.7808E-01  0.1383    
 10466 SIVAM--AM069  0.7764E-01  0.2380    
 10110 LECHUG-AM230 -0.7285E-01 -0.1244    
 10405 CROCHA-AM230 -0.7253E-01 -0.1235    
 10120 LECHU1-AM000 -0.7210E-01 -0.1235    
 10406 CROCHAUTE013 -0.6943E-01 -0.1150    
 10410 BALBIN-AM230 -0.6872E-01 -0.1131    
 10419 P.FIG.-AM230 -0.6854E-01 -0.1140    
 10460 STOANT-AM069  0.6764E-01  0.2189    
 10411 BALBI1UHE013 -0.6487E-01 -0.1076    
 10401 MANA1A-AM069  0.6315E-01  0.8323E-01
 10416 P.FIG.-AM069 -0.6049E-01 -0.9673E-01
 10417 P.FIG.-AM069 -0.5872E-01 -0.9426E-01
 
 
Numero do incremento de carga:  74
Carregamento do sistema =    99.5308
Arquivo Historico: CONT_001.SAV          
Caso #53
Parametro de Continuacao: Tensao na barra 10430 CIDNOV-AM069
Inverso da norma do vetor tangente:   0.3675E+06
X------------------X-----------------------X
      Barra               Vetor Tangente    
 Num.      Nome        Tensao      Angulo   
X-----X------------X-----------X-----------X
 10430 CIDNOV-AM069  -1.000      -1.362    
 10402 MANAU2-AM069 -0.8413     -0.5883    
 10345 CONSE2-AM069 -0.7031     -0.1070    
 10450 SJOSE--AM069 -0.6045     -0.2075    
 10451 PLACIB-AM069 -0.4273      0.4963E-01
 10480 MANACA-AM069  0.3725      0.6554    
 10505 MAUA-3-AM069 -0.2340      0.1360    
 10344 CONSE1-AM069 -0.2340      0.1360    
 10335 MAUA2M-AM069 -0.2327      0.1371    
 10325 MAUAB2-AM069 -0.2324      0.1374    
 10320 MAUAB1-AM069 -0.2323      0.1374    
 10509 MUBL4M-AM069 -0.2318      0.1377    
 10513 MUBL4D-AM069 -0.2318      0.1377    
 10440 DISTR2-AM069 -0.2208      0.1513    
 10420 DISTR1-AM069 -0.2198      0.1480    
 10492 MARAPA-AM069 -0.2194      0.1485    
 10350 CACHO2-AM069 -0.2171      0.1515    
 10421 CESPEC-AM069 -0.2169      0.1500    
 10445 TAMBAQ-AM069 -0.2161      0.1729    
 10485 IRANDU-AM069  0.2074      0.3121    
 10306 IRANDU-AM138  0.2033      0.3121    
 10447 PIETBQUTE013 -0.1950      0.2213    
 10540 COMPEN-AM138  0.1849      0.2889    
 10545 CENTRO-AM138  0.1804      0.2758    
 10308 PARQ10-AM138  0.1696      0.2445    
 10530 CGRAND-AM138  0.1672      0.2354    
 10520 MUTIRA-AM138  0.1379      0.1633    
 10012 LECHUG-AM500 -0.1333     -0.1786    
 10393 PISMAE-AM069  0.1268      0.1893    
 10384 MAU3-4-AM000 -0.1216      0.1043    
 10300 APAREC-AM069  0.1170      0.1732    
 10380 PNEGRA-AM069  0.1127      0.1650    
 10391 PIEPNGUTE013  0.1121      0.1572    
 10390 PIEPNG-AM069  0.1116      0.1627    
 10363 JTEIX3-AM000  0.1046      0.1073    
 10361 JTEIX1-AM000  0.1043      0.1066    
 10362 JTEIX2-AM000  0.1043      0.1066    
 10364 JTEIX4-AM000  0.1043      0.1066    
 10369 JTEIX5-AM000  0.1043      0.1066    
 10351 CACHO1-AM069  0.1025      0.1416    
 10490 REDENC-AM069  0.9924E-01  0.1455    
 10550 DISTR3-AM138  0.9897E-01  0.9651E-01
 10395 SERING-AM069  0.9886E-01  0.1384    
 10511 J.TEIX-AM138  0.9714E-01  0.9045E-01
 10379 AMBEV--AM069  0.9089E-01  0.1315    
 10370 FLORES-AM069  0.9084E-01  0.1314    
 10394 SHOPMA-AM069  0.8892E-01  0.1215    
 10424 MANA-2-AM000  0.8018E-01  0.1490    
 10426 MANA-3-AM000  0.8018E-01  0.1490    
 10428 MANA-4-AM000  0.8018E-01  0.1490    
 10422 MANA-1-AM000  0.7803E-01  0.1383    
 10466 SIVAM--AM069  0.7760E-01  0.2381    
 10110 LECHUG-AM230 -0.7302E-01 -0.1244    
 10405 CROCHA-AM230 -0.7271E-01 -0.1236    
 10120 LECHU1-AM000 -0.7228E-01 -0.1236    
 10406 CROCHAUTE013 -0.6960E-01 -0.1150    
 10410 BALBIN-AM230 -0.6890E-01 -0.1131    
 10419 P.FIG.-AM230 -0.6872E-01 -0.1141    
 10460 STOANT-AM069  0.6760E-01  0.2190    
 10411 BALBI1UHE013 -0.6504E-01 -0.1076    
 10401 MANA1A-AM069  0.6309E-01  0.8324E-01
 10416 P.FIG.-AM069 -0.6066E-01 -0.9677E-01
 10417 P.FIG.-AM069 -0.5889E-01 -0.9431E-01
 10418 P.FIG.-AM013 -0.5015E-01 -0.6447E-01
 
 
Numero do incremento de carga:  77
Carregamento do sistema =    99.5308
Arquivo Historico: CONT_001.SAV          
Caso #54
Parametro de Continuacao: Tensao na barra 10430 CIDNOV-AM069
Inverso da norma do vetor tangente:   0.6125E+06
X------------------X-----------------------X
      Barra               Vetor Tangente    
 Num.      Nome        Tensao      Angulo   
X-----X------------X-----------X-----------X
 10430 CIDNOV-AM069  -1.000      -1.362    
 10402 MANAU2-AM069 -0.8413     -0.5882    
 10345 CONSE2-AM069 -0.7031     -0.1070    
 10450 SJOSE--AM069 -0.6045     -0.2075    
 10451 PLACIB-AM069 -0.4273      0.4964E-01
 10480 MANACA-AM069  0.3725      0.6554    
 10505 MAUA-3-AM069 -0.2340      0.1360    
 10344 CONSE1-AM069 -0.2340      0.1360    
 10335 MAUA2M-AM069 -0.2327      0.1371    
 10325 MAUAB2-AM069 -0.2323      0.1374    
 10320 MAUAB1-AM069 -0.2323      0.1374    
 10509 MUBL4M-AM069 -0.2318      0.1377    
 10513 MUBL4D-AM069 -0.2318      0.1378    
 10440 DISTR2-AM069 -0.2208      0.1513    
 10420 DISTR1-AM069 -0.2198      0.1480    
 10492 MARAPA-AM069 -0.2194      0.1485    
 10350 CACHO2-AM069 -0.2171      0.1515    
 10421 CESPEC-AM069 -0.2169      0.1501    
 10445 TAMBAQ-AM069 -0.2161      0.1730    
 10485 IRANDU-AM069  0.2074      0.3121    
 10306 IRANDU-AM138  0.2033      0.3121    
 10447 PIETBQUTE013 -0.1950      0.2213    
 10540 COMPEN-AM138  0.1849      0.2889    
 10545 CENTRO-AM138  0.1804      0.2758    
 10308 PARQ10-AM138  0.1696      0.2445    
 10530 CGRAND-AM138  0.1672      0.2354    
 10520 MUTIRA-AM138  0.1379      0.1633    
 10012 LECHUG-AM500 -0.1334     -0.1786    
 10393 PISMAE-AM069  0.1268      0.1893    
 10384 MAU3-4-AM000 -0.1216      0.1043    
 10300 APAREC-AM069  0.1170      0.1732    
 10380 PNEGRA-AM069  0.1127      0.1650    
 10391 PIEPNGUTE013  0.1121      0.1572    
 10390 PIEPNG-AM069  0.1116      0.1627    
 10363 JTEIX3-AM000  0.1046      0.1073    
 10361 JTEIX1-AM000  0.1043      0.1066    
 10362 JTEIX2-AM000  0.1043      0.1066    
 10364 JTEIX4-AM000  0.1043      0.1066    
 10369 JTEIX5-AM000  0.1043      0.1066    
 10351 CACHO1-AM069  0.1025      0.1416    
 10490 REDENC-AM069  0.9924E-01  0.1455    
 10550 DISTR3-AM138  0.9897E-01  0.9651E-01
 10395 SERING-AM069  0.9886E-01  0.1384    
 10511 J.TEIX-AM138  0.9714E-01  0.9045E-01
 10379 AMBEV--AM069  0.9089E-01  0.1315    
 10370 FLORES-AM069  0.9084E-01  0.1314    
 10394 SHOPMA-AM069  0.8892E-01  0.1215    
 10424 MANA-2-AM000  0.8018E-01  0.1490    
 10426 MANA-3-AM000  0.8018E-01  0.1490    
 10428 MANA-4-AM000  0.8018E-01  0.1490    
 10422 MANA-1-AM000  0.7803E-01  0.1383    
 10466 SIVAM--AM069  0.7760E-01  0.2381    
 10110 LECHUG-AM230 -0.7303E-01 -0.1244    
 10405 CROCHA-AM230 -0.7271E-01 -0.1236    
 10120 LECHU1-AM000 -0.7228E-01 -0.1236    
 10406 CROCHAUTE013 -0.6960E-01 -0.1150    
 10410 BALBIN-AM230 -0.6890E-01 -0.1131    
 10419 P.FIG.-AM230 -0.6872E-01 -0.1141    
 10460 STOANT-AM069  0.6760E-01  0.2190    
 10411 BALBI1UHE013 -0.6504E-01 -0.1076    
 10401 MANA1A-AM069  0.6309E-01  0.8324E-01
 10416 P.FIG.-AM069 -0.6066E-01 -0.9677E-01
 10417 P.FIG.-AM069 -0.5889E-01 -0.9431E-01
 10418 P.FIG.-AM013 -0.5015E-01 -0.6447E-01
 
 
Numero do incremento de carga:  78
Carregamento do sistema =    99.5308
Arquivo Historico: CONT_001.SAV          
Caso #55
Parametro de Continuacao: Carregamento do Sistema
Inverso da norma do vetor tangente:   0.8849E+06
X------------------X-----------------------X
      Barra               Vetor Tangente    
 Num.      Nome        Tensao      Angulo   
X-----X------------X-----------X-----------X
 10430 CIDNOV-AM069  -1.445      -1.968    
 10402 MANAU2-AM069  -1.215     -0.8498    
 10345 CONSE2-AM069  -1.016     -0.1546    
 10450 SJOSE--AM069 -0.8733     -0.2998    
 10451 PLACIB-AM069 -0.6172      0.7172E-01
 10480 MANACA-AM069  0.5381      0.9469    
 10505 MAUA-3-AM069 -0.3381      0.1965    
 10344 CONSE1-AM069 -0.3381      0.1965    
 10335 MAUA2M-AM069 -0.3362      0.1981    
 10325 MAUAB2-AM069 -0.3357      0.1985    
 10320 MAUAB1-AM069 -0.3356      0.1985    
 10509 MUBL4M-AM069 -0.3349      0.1990    
 10513 MUBL4D-AM069 -0.3349      0.1990    
 10440 DISTR2-AM069 -0.3190      0.2186    
 10420 DISTR1-AM069 -0.3175      0.2138    
 10492 MARAPA-AM069 -0.3169      0.2146    
 10350 CACHO2-AM069 -0.3137      0.2189    
 10421 CESPEC-AM069 -0.3134      0.2168    
 10445 TAMBAQ-AM069 -0.3122      0.2499    
 10485 IRANDU-AM069  0.2996      0.4510    
 10306 IRANDU-AM138  0.2937      0.4509    
 10447 PIETBQUTE013 -0.2818      0.3197    
 10540 COMPEN-AM138  0.2672      0.4173    
 10545 CENTRO-AM138  0.2606      0.3985    
 10308 PARQ10-AM138  0.2451      0.3533    
 10530 CGRAND-AM138  0.2416      0.3401    
 10520 MUTIRA-AM138  0.1992      0.2360    
 10012 LECHUG-AM500 -0.1927     -0.2580    
 10393 PISMAE-AM069  0.1831      0.2735    
 10384 MAU3-4-AM000 -0.1756      0.1507    
 10300 APAREC-AM069  0.1690      0.2503    
 10380 PNEGRA-AM069  0.1628      0.2384    
 10391 PIEPNGUTE013  0.1620      0.2272    
 10390 PIEPNG-AM069  0.1612      0.2351    
 10363 JTEIX3-AM000  0.1511      0.1551    
 10361 JTEIX1-AM000  0.1506      0.1540    
 10362 JTEIX2-AM000  0.1506      0.1540    
 10364 JTEIX4-AM000  0.1506      0.1540    
 10369 JTEIX5-AM000  0.1506      0.1540    
 10351 CACHO1-AM069  0.1481      0.2046    
 10490 REDENC-AM069  0.1434      0.2102    
 10550 DISTR3-AM138  0.1430      0.1394    
 10395 SERING-AM069  0.1428      0.2000    
 10511 J.TEIX-AM138  0.1403      0.1307    
 10379 AMBEV--AM069  0.1313      0.1900    
 10370 FLORES-AM069  0.1312      0.1899    
 10394 SHOPMA-AM069  0.1285      0.1756    
 10424 MANA-2-AM000  0.1158      0.2153    
 10426 MANA-3-AM000  0.1158      0.2153    
 10428 MANA-4-AM000  0.1158      0.2153    
 10422 MANA-1-AM000  0.1127      0.1998    
 10466 SIVAM--AM069  0.1121      0.3440    
 10110 LECHUG-AM230 -0.1055     -0.1798    
 10405 CROCHA-AM230 -0.1050     -0.1786    
 10120 LECHU1-AM000 -0.1044     -0.1786    
 10406 CROCHAUTE013 -0.1006     -0.1662    
 10410 BALBIN-AM230 -0.9954E-01 -0.1634    
 10419 P.FIG.-AM230 -0.9928E-01 -0.1648    
 10460 STOANT-AM069  0.9766E-01  0.3164    
 10411 BALBI1UHE013 -0.9396E-01 -0.1555    
 10401 MANA1A-AM069  0.9115E-01  0.1203    
 10416 P.FIG.-AM069 -0.8764E-01 -0.1398    
 10417 P.FIG.-AM069 -0.8509E-01 -0.1362    
 10418 P.FIG.-AM013 -0.7246E-01 -0.9314E-01
 10504 MAUA-3-AM138 -0.6695E-01  0.1030E-01
 10310 DI-4---AM138 -0.6553E-01  0.1447E-01
 10437 STAETE-AM069  0.6039E-01  0.2549    
