!      ---- Modo de Desenho da Barra ---
BU
!      ---- Tamanho da Fonte das Legendas ---
F 1
!      ---- Cores (Fundo - Identificador - Numero - Valor - Grid)---
RF 255 255 255
RI 128 0 128
RN 128 0 128
RV 0 0 255
RG 0 0 0
!      ---- Grupos Base de Tensão ----
!Ten  lar  R   G   B ID
G 13.8 1 0 0 0
G 69 1 255 0 255
G 230 1 0 128 0
G 138 1 255 128 0
G 500 1 255 23 29
G 0 1 0 0 0
G 1 1 0 0 0
!    ---- Componentes ----
!Numero Tipo Rot Hac Px Py Cor sl Descrip
C1895578  1 5889 0      0    -16  3  0 - 10110  0  0  0 0
C1895579 23   3 0     80      0  3  0 -  1 10110  0  0 0 0
C1895580  1 1537 0    160     32  7  0 - 10130  0  0  0 0
C1895581  1 1281 0    320     32  4  0 - 10111  0  0  0 0
C1895582  1 257 0    480     32  7  0 - 10132  0  0  0 0
C1895583  9 -1 0    400     48  0  0 -  1 10132 10111  0 0
C1895584  1 257 0    480     80  4  0 - 10312  0  0  0 0
C1895586  1 513 0    480    176  4  0 - 10313  0  0  0 0
C1895589  9 3 0    240     48  0  0 -  1 10130 10111  0 0
C1895590  9 3 0     80     48  0  0 -  1 10110 10130  0 0
C1895591  9 3 0     80    384  0  0 -  1 10110 10132  0 0
C1895592  1 769 0    160    416  7  0 - 10120  0  0  0 0
C1895593  1 513 0    320    416  5  0 - 10012  0  0  0 0
C1895594 23   3 0    400    432  5  0 -  1 10012  0  0 0 0
C1895595  1 257 0    480    464  5  0 - 10222  0  0  0 0
C1895597  9 -1 0    240    432  0  0 -  1 10012 10120  0 0
C1895598  9 -1 0     80    432  0  0 -  1 10120 10110  0 0
C1895599  1 513 0    160    608  3  0 - 10400  0  0  0 0
C1895602  1 769 0    160    752  3  0 - 10510  0  0  0 0
C1895606  1 257 0    160    944  3  0 - 10405  0  0  0 0
C1895608  1 257 0    160   1040  3  0 - 10410  0  0  0 0
!      ---- Linhas ----
!Numero Tipo hac sl De Para nsg segmentos
L1895585 14 0 0 1895581 1895584  1  1 966190 
L1895587 14 0 0 1895581 1895586  1  1 966191 
L1895588 14 0 0 1895581 1895586  2  1 966192 
L1895596 14 0 0 1895593 1895595  1  1 966200 
L1895600 14 0 0 1895578 1895599  1  1 966205 
L1895601 14 0 0 1895578 1895599  2  1 966206 
L1895603 14 0 0 1895578 1895602  1  1 966207 
L1895604 14 0 0 1895578 1895602  2  1 966208 
L1895605 14 0 0 1895578 1895602  3  1 966209 
L1895607 14 0 0 1895606 1895578  1  1 966210 
L1895609 14 0 0 1895608 1895578  1  1 966211 
!     ---- Ligacoes ----
!Numero Flags cor Inic Coni Fin Conf Linhas nqb quebras
U966187 0  3 1895579   1 1895578   2  -1   0 
U966188 0  4 1895583   2 1895581   2  -1   0 
U966189 0  7 1895583   1 1895582   2  -1   0 
U966190 0  4 1895581   5 1895584   2 1895585   0 
U966191 0  4 1895581  11 1895586   2 1895587   0 
U966192 0  4 1895581  14 1895586   5 1895588   0 
U966193 0  7 1895589   1 1895580   2  -1   0 
U966194 0  4 1895589   2 1895581   2  -1   0 
U966195 0  3 1895590   1 1895578   5  -1   0 
U966196 0  7 1895590   2 1895580   2  -1   0 
U966197 0  3 1895591   1 1895578  26  -1   0 
U966198 0  7 1895591   2 1895582   2  -1   0 
U966199 0  5 1895594   1 1895593   2  -1   0 
U966200 0  5 1895593   5 1895595   2 1895596   0 
U966201 0  7 1895597   2 1895592   2  -1   0 
U966202 0  5 1895597   1 1895593   2  -1   0 
U966203 0  3 1895598   2 1895578  29  -1   0 
U966204 0  7 1895598   1 1895592   2  -1   0 
U966205 0  3 1895578  41 1895599   2 1895600   0 
U966206 0  3 1895578  44 1895599   5 1895601   0 
U966207 0  3 1895578  50 1895602   2 1895603   0 
U966208 0  3 1895578  53 1895602   5 1895604   0 
U966209 0  3 1895578  56 1895602   8 1895605   0 
U966210 0  3 1895578  62 1895606   2 1895607   0 
U966211 0  3 1895578  68 1895608   2 1895609   0 
