!      ---- Modo de Desenho da Barra ---
BU
!      ---- Tamanho da Fonte das Legendas ---
F 1
!      ---- Cores (Fundo - Identificador - Numero - Valor - Grid - Fluxo Ativo - Fluxo Reativo)---
RF 255 255 255
RI 128 0 128
RN 128 0 128
RV 0 0 255
RG 0 0 0
RA 0 0 255
RR 255 0 0
!      ---- Grupos Base de Tensão ----
!Ten  lar  R   G   B ID
G 13.8 1 0 0 0  D
G 69 1 255 0 255  J
G 230 1 0 128 0  O
G 138 1 255 128 0  M
G 500 1 255 23 29  S
G 0 1 0 0 0  0
G 1 1 0 0 0  Z
!    ---- Componentes ----
!Numero Tipo Rot Hac Px Py Cor sl SubTp ch1 ch2 ch3 ch4 Descrip
C236512  1 1537 0    480   -272  4  0 - 10313  0  0  0 0
C236514  1 769 0    352   -272  2  0 - 10515  0  0  0 0
C236518  1 1281 0    592   -224  4  0 - 10111  0  0  0 0
C236521  1 513 0    352    -80  4  0 - 10700  0  0  0 0
C236530  1 257 0    768   -192  4  0 - 10312  0  0  0 0
C236531  1 257 0    768   -112  7  0 - 10130  0  0  0 0
C236532  1 257 0    768    -32  7  0 - 10132  0  0  0 0
C473514  1 2049 0    272     64  4  0 - 10511  0  0  0 0
C473515  1 257 0    128     80  7  0 - 10361  0  0  0 0
C473517  1 257 0    128    160  7  0 - 10362  0  0  0 0
C473519  1 257 0    128    240  7  0 - 10363  0  0  0 0
C473521  1 257 0    128    320  7  0 - 10364  0  0  0 0
C473523  1 257 0    128    400  7  0 - 10369  0  0  0 0
C473525  1 769 0    400     64  4  0 - 10520  0  0  0 0
C473528  1 513 0    400    240  4  0 - 10550  0  0  0 0
C473561  1 1537 0    512     64  4  0 - 10530  0  0  0 0
C473572  1 513 0    608     64  4  0 - 10308  0  0  0 0
C473597  1 513 0    656    160  4  0 - 10545  0  0  0 0
C473598  1 769 0    768    192  4  0 - 10540  0  0  0 0
C473620  1 513 0    928    240  4  0 - 10306  0  0  0 0
C473623  1 257 0   1088    240  2  0 - 10485  0  0  0 0
C947426  1 513 0    832    368  4  0 - 10310  0  0  0 0
C1894956  1 1281 0    720    368  4  0 - 10504  0  0  0 0
C1894957  1 257 0    560    368  7  0 - 10384  0  0  0 0
C1894959  1 1025 0    464    416  2  0 - 10505  0  0  0 0
C1895035  1 769 0    944   -128  3  0 - 10110  0  0  0 0
C1895087  1 2049 0    -16     64  3  0 - 10510  0  0  0 0
C236513  5 3 0    544   -240  4  0 -  1 10313  0  0 105
C236515  9 1 0    416   -256  0  0 -  1 10313 10515  0 0
C236516  9 1 0    416   -208  0  0 -  2 10313 10515  0 0
C236517  9 1 0    416   -160  0  0 -  3 10313 10515  0 0
C236534  9 1 0    688    -96  0  0 -  1 10130 10111  0 0
C236535  9 1 0    688    -16  0  0 -  1 10132 10111  0 0
C236544  5 3 0    832   -176  4  0 -  1 10312  0  0 105
C236571  5 1 0    304    -48  4  0 -  1 10700  0  0 105
C473516  9 -3 1    192     96  0  0 -  1 10361 10511  0 0
C473518  9 -3 1    192    176  0  0 -  1 10362 10511  0 0
C473520  9 -3 1    192    256  0  0 -  1 10363 10511  0 0
C473522  9 -3 1    192    336  0  0 -  1 10364 10511  0 0
C473524  9 -3 1    192    416  0  0 -  1 10369 10511  0 0
C473564  5 3 0    480    144  4  0 -  1 10520  0  0 105
C473577  5 3 0    576    256  4  0 -  1 10530  0  0 105
C473582  5 3 0    656     96  4  0 -  1 10308  0  0 105
C473604  5 3 0    720    176  4  0 -  1 10545  0  0 105
C473624  9 3 1   1024    256  0  0 -  1 10306 10485  0 0
C473625  5 1 0    864    304  4  0 -  1 10306  0  0 105
C473628  5 3 0    464    272  4  0 -  1 10550  0  0 105
C473646  5 3 0    832    208  4  0 -  1 10540  0  0 105
C473655  6 0 0   1040    288  4  0 -  1 10306  0  0 0
C473656 23   0 0    992    304  4  0 -  1 10306  0  0 0 0
C1894958  9 -3 0    640    384  0  0 -  1 10384 10504  0 0
C1894960  9 1 0    608    432  0  0 -  1 10504 10505  0 0
C1894961  9 1 0    608    480  0  0 -  2 10504 10505  0 0
C1894962  9 1 0    608    528  0  0 -  3 10504 10505  0 0
C1894963  9 1 0    608    576  0  0 -  4 10504 10505  0 0
C1895034  5 3 0    880    400  4  0 -  1 10310  0  0 105
C1895036  9 1 0    864    -96  0  0 -  1 10110 10130  0 0
C1895037  9 1 0    864    -16  0  0 -  1 10110 10132  0 0
C1895088  9 3 0     64     96  0  0 -  1 10510 10361  0 0
C1895089  9 3 0     64    176  0  0 -  1 10510 10362  0 0
C1895090  9 3 0     64    256  0  0 -  1 10510 10363  0 0
C1895091  9 3 0     64    336  0  0 -  1 10510 10364  0 0
C1895092  9 3 0     64    416  0  0 -  1 10510 10369  0 0
!      ---- Linhas ----
!Numero Tipo hac sl De Para ch1 nsg segmentos
L236519 14 0 0 236518 236512  1  1 120541 
L236520 14 0 0 236518 236512  2  1 120542 
L236522 14 0 0 236512 236521  1  1 120543 
L236523 14 0 0 236512 236521  2  1 120544 
L236533 14 0 0 236518 236530  1  1 120550 
L473526 14 0 0 473514 473525  1  1 241419 
L473527 14 0 0 473514 473525  2  1 241420 
L473529 14 0 0 473514 473528  1  1 241421 
L473530 14 0 0 473514 473528  2  1 241422 
L473562 14 0 0 473525 473561  1  1 241423 
L473563 14 0 0 473525 473561  2  1 241424 
L473575 14 0 0 473561 473572  2  1 241428 
L473576 14 0 0 473561 473572  1  1 241429 
L473599 14 0 0 473561 473597  1  1 241436 
L473600 14 0 0 473561 473598  1  1 241437 
L473603 14 0 0 473598 473597  1  1 241438 
L473621 14 0 0 473598 473620  1  1 241440 
L1894965 14 1 0 1894956 947426  1  1 966069 
L1894966 14 1 0 1894956 947426  2  1 966070 
!     ---- Ligacoes ----
!Numero Flags cor Inic Coni Fin Conf Linhas nqb quebras
U120534 0  4 236513   1 236512   3  -1   0 
U120535 0  4 236515   1 236512   2  -1   0 
U120536 0  2 236515   2 236514   2  -1   0 
U120537 0  4 236516   1 236512   5  -1   0 
U120538 0  2 236516   2 236514   5  -1   0 
U120539 0  4 236517   1 236512   8  -1   0 
U120540 0  2 236517   2 236514   8  -1   0 
U120541 0  4 236512  12 236518   9 236519   0 
U120542 0  4 236512  17 236518  14 236520   0 
U120543 0  4 236512  14 236521   2 236522   0 
U120544 0  4 236512  17 236521   5 236523   0 
U120550 0  4 236518   4 236530   2 236533   0 
U120551 0  7 236531   2 236534   1  -1   0 
U120552 0  4 236518   9 236534   2  -1   0 
U120553 0  7 236532   2 236535   1  -1   0 
U120554 0  4 236518  14 236535   2  -1   0 
U120555 0  4 236530   2 236544   1  -1   0 
U120556 0  4 236571   1 236521   3  -1   0 
U241409 0  4 473516   2 473514   3  -1   0 
U241410 0  7 473516   1 473515   2  -1   0 
U241411 0  4 473518   2 473514   8  -1   0 
U241412 0  7 473518   1 473517   2  -1   0 
U241413 0  4 473520   2 473514  13  -1   0 
U241414 0  7 473520   1 473519   2  -1   0 
U241415 0  4 473522   2 473514  18  -1   0 
U241416 0  7 473522   1 473521   2  -1   0 
U241417 0  4 473524   2 473514  23  -1   0 
U241418 0  7 473524   1 473523   2  -1   0 
U241419 0  4 473514   3 473525   3 473526   0 
U241420 0  4 473514   8 473525   8 473527   0 
U241421 0  4 473514  13 473528   2 473529   0 
U241422 0  4 473514  16 473528   5 473530   0 
U241423 0  4 473525   3 473561   3 473562   0 
U241424 0  4 473525   8 473561   8 473563   0 
U241425 0  4 473525   6 473564   1  -1   0 
U241428 0  4 473561   3 473572   3 473575   0 
U241429 0  4 473561   5 473572   5 473576   0 
U241430 0  4 473561  13 473577   1  -1   0 
U241431 0  4 473572   3 473582   1  -1   0 
U241436 0  4 473561  10 473597   4 473599   0 
U241437 0  4 473561  15 473598   7 473600   0 
U241438 0  4 473598   2 473597   4 473603   0 
U241439 0  4 473597   2 473604   1  -1   0 
U241440 0  4 473598   5 473620   2 473621   0 
U241442 0  4 473620   2 473624   1  -1   0 
U241443 0  2 473623   2 473624   2  -1   0 
U241444 0  4 473625   1 473620   5  -1   0 
U241447 0  4 473628   1 473528   3  -1   0 
U241448 0  4 473598   2 473646   1  -1   0 
U241449 0  4 473620   4 473655   1  -1   0 
U241450 0  4 473620   5 473656   1  -1   0 
U966059 0  4 1894958   2 1894956   2  -1   0 
U966060 0  7 1894958   1 1894957   2  -1   0 
U966061 0  4 1894960   1 1894956   5  -1   0 
U966062 0  2 1894960   2 1894959   2  -1   0 
U966063 0  4 1894961   1 1894956   8  -1   0 
U966064 0  2 1894961   2 1894959   5  -1   0 
U966065 0  4 1894962   1 1894956  11  -1   0 
U966066 0  2 1894962   2 1894959   8  -1   0 
U966067 0  4 1894963   1 1894956  14  -1   0 
U966068 0  2 1894963   2 1894959  11  -1   0 
U966069 0  4 1894956   5 947426   5 1894965   0 
U966070 0  4 1894956   2 947426   2 1894966   0 
U966071 0  4 947426   3 1895034   1  -1   0 
U966072 0  3 1895035   3 1895036   1  -1   0 
U966073 0  7 236531   2 1895036   2  -1   0 
U966074 0  3 1895035   8 1895037   1  -1   0 
U966075 0  7 236532   2 1895037   2  -1   0 
U966076 0  3 1895087   3 1895088   1  -1   0 
U966077 0  7 473515   2 1895088   2  -1   0 
U966078 0  3 1895087   8 1895089   1  -1   0 
U966079 0  7 473517   2 1895089   2  -1   0 
U966080 0  3 1895087  13 1895090   1  -1   0 
U966081 0  7 473519   2 1895090   2  -1   0 
U966082 0  3 1895087  18 1895091   1  -1   0 
U966083 0  7 473521   2 1895091   2  -1   0 
U966084 0  3 1895087  23 1895092   1  -1   0 
U966085 0  7 473523   2 1895092   2  -1   0 
!    ---- Posição de Legenda de Componentes ----
!NumCompo Label Rot Px Py
X 473514  2  1     0.00     8.00
X 473598  0  1     0.00   -20.00
X 236571  1  1     8.00    -3.00
X 473625  1  1     8.00    -3.00
X 473656  1  0    12.00    36.00
!     ---- Posição de Legenda de Ligacoes ----
!Lado NumLig Label Px Py
YF 241409  1     0.00    -6.00
YF 241409  2     0.00    14.00
YF 241411  1    -4.94   -10.30
YF 241413  1     5.08   -20.94
YF 241424  1     2.29    -7.10
YF 966059  2     0.00    14.00
YF 966064  1   -12.54   -17.62
YF 966069  1    -0.05    -6.11
YI 966078  2     8.27    28.44
