!      ---- Modo de Desenho da Barra ---
BU
!      ---- Tamanho da Fonte das Legendas ---
F 1
!      ---- Cores (Fundo - Identificador - Numero - Valor - Grid - Fluxo Ativo - Fluxo Reativo)---
RF 255 255 255
RI 128 0 128
RN 128 0 128
RV 0 0 255
RG 0 0 0
RA 0 0 255
RR 255 0 0
!      ---- Grupos Base de Tensão ----
!Ten  lar  R   G   B ID
G 13.8 1 0 0 0  D
G 69 1 255 0 255  J
G 230 1 0 128 0  O
G 138 1 255 128 0  M
G 500 1 255 23 29  S
G 0 1 0 0 0  0
G 1 1 0 0 0  Z
!    ---- Componentes ----
!Numero Tipo Rot Hac Px Py Cor sl SubTp ch1 ch2 ch3 ch4 Descrip
C1895578  1 1537 0      0    -16  3  0 - 10110  0  0  0 0
C1895610  1 257 0    -96    -16  7  0 - 10120  0  0  0 0
C1895614  1 513 0   -192    -16  5  0 - 10012  0  0  0 0
C1895617  1 257 0   -288    -16  5  0 - 10222  0  0  0 0
C1895624  1 513 0    -96    112  3  0 - 10405  0  0  0 0
C1895626  1 257 0   -208    112  1  0 - 10406  0  0  0 0
C1895627  1 257 0   -352    160  3  0 - 10419  0  0  0 0
C1895579 23   3 0     80      0  3  0 -  1 10110  0  0 0 0
C1895611  9 3 0    -48      0  0  0 -  1 10120 10110  0 0
C1895615  9 3 0   -144      0  0  0 -  1 10012 10120  0 0
C1895619 23   1 0   -208     48  5  0 -  1 10012  0  0 0 0
C1895628  9 1 0   -160    128  0  0 -  1 10405 10406  0 0
!      ---- Linhas ----
!Numero Tipo hac sl De Para ch1 nsg segmentos
L1895618 14 0 0 1895614 1895617  1  1 966216 
L1895625 14 0 0 1895624 1895578  1  1 966218 
L1895629 14 0 0 1895624 1895627  1  1 966221 
!     ---- Ligacoes ----
!Numero Flags cor Inic Coni Fin Conf Linhas nqb quebras
U966187 0  3 1895579   1 1895578   2  -1   0 
U966212 0  7 1895610   2 1895611   1  -1   0 
U966213 0  3 1895578   2 1895611   2  -1   0 
U966214 0  5 1895614   2 1895615   1  -1   0 
U966215 0  7 1895610   2 1895615   2  -1   0 
U966216 0  5 1895614   2 1895617   2 1895618   0 
U966217 0  5 1895614   5 1895619   1  -1   0 
U966218 0  3 1895624   5 1895578  13 1895625   0 
U966219 0  3 1895624   2 1895628   1  -1   0 
U966220 0  1 1895626   2 1895628   2  -1   0 
U966221 0  3 1895624   5 1895627   2 1895629   0 
!    ---- Posição de Legenda de Componentes ----
!NumCompo Label Rot Px Py
!     ---- Posição de Legenda de Ligacoes ----
!Lado NumLig Label Px Py
YI 966214  2     8.60    15.73
YI 966218  1    -6.41    -1.35
YI 966219  1    -6.11    -4.89
