!      ---- Modo de Desenho da Barra ---
BU
!      ---- Tamanho da Fonte das Legendas ---
F 1
!      ---- Cores (Fundo - Identificador - Numero - Valor - Grid - Fluxo Ativo - Fluxo Reativo)---
RF 255 255 255
RI 128 0 128
RN 128 0 128
RV 0 0 255
RG 0 0 0
RA 0 0 255
RR 255 0 0
!      ---- Grupos Base de Tensão ----
!Ten  lar  R   G   B ID
G 13.8 1 0 0 0  D
G 69 1 255 0 255  J
G 230 1 0 128 0  O
G 138 1 255 255 0  M
G 500 1 0 0 0  S
G 115 1 0 0 0  L
G 999 1 0 0 0  Z
G 11 1 0 0 0  B
G 34.5 1 128 128 0  H
G 88 1 0 0 0  K
G 345 1 0 0 0  Q
G 289 1 0 0 0  P
G 13.2 1 0 0 0  C
G 440 1 0 0 0  R
G 20 1 0 0 0  F
G 6.9 1 0 0 0  A
G 765 1 0 0 0  U
G 525 1 0 0 0  T
G 23 1 0 0 0  G
G 14.4 1 0 0 0  E
G 161 1 0 0 0  N
G 18 1 0 0 0  V
!    ---- Componentes ----
!Numero Tipo Rot Hac Px Py Cor sl SubTp ch1 ch2 ch3 ch4 Descrip
C801  1 7937 0      0    -16  3  0 - 10400  0  0  0 -127
C802  1 5889 0    160    -16  7  0 - 10422  0  0  0 -127
C803  1 5633 0    320    -16  2  0 - 10401  0  0  0 -127
C804  1 257 0    480    -16  7  0 - 10424  0  0  0 -127
C805  1 257 0    640    -16  1  0 - 10425  0  0  0 -127
C808  1 257 0    480     80  7  0 - 10426  0  0  0 -127
C809  1 257 0    640     80  1  0 - 10427  0  0  0 -127
C812  1 257 0    480    176  7  0 - 10428  0  0  0 -127
C813  1 257 0    640    176  1  0 - 10429  0  0  0 -127
C816  1 257 0    480    272  2  0 - 10351  0  0  0 -127
C818  1 513 0    480    368  2  0 - 10360  0  0  0 -127
C821  1 769 0    480    512  2  0 - 10370  0  0  0 -127
C825  1 257 0    480    704  2  0 - 10394  0  0  0 -127
C827  1 257 0    480    800  2  0 - 10395  0  0  0 -127
C829  1 257 0    480    896  2  0 - 10460  0  0  0 -127
C831  1 257 0    480    992  2  0 - 10402  0  0  0 -127
C834  1 257 0    320   1040  1  0 - 10423  0  0  0 -127
C840  1 513 0    160   1280  3  0 - 10110  0  0  0 -127
C843  1 257 0    160   1424  3  0 - 10755  0  0  0 -127
C1713  1 4097 0    532    -16  4  0 - 10007  0  0  0 -127
C1714  1 2817 0    692    -16  7  0 - 10005  0  0  0 -127
C1715  1 257 0    852    -16  1  0 - 10006  0  0  0 -127
C1717  1 2561 0    852     32  5  0 - 10010  0  0  0 -127
C1720  1 257 0   1012    128  1  0 - 10014  0  0  0 -127
C1722  1 257 0   1012    176  5  0 - 10218  0  0  0 -127
C1724  1 257 0   1012    272  5  0 - 10219  0  0  0 -127
C1726  1 257 0   1012    368  5  0 - 10220  0  0  0 -127
C1728  1 257 0   1012    464  5  0 - 10221  0  0  0 -127
C1732  1 513 0    692    560  4  0 - 10304  0  0  0 -127
C1735  1 257 0    692    704  4  0 - 10577  0  0  0 -127
C3535  1 3073 0    852   1553  7  0 - 10120  0  0  0 -127
C3536  1 2561 0   1012   1553  5  0 - 10012  0  0  0 -127
C3538  1 257 0   1172   1601  7  0 - 10121  0  0  0 -127
C3539  1 257 0   1332   1601  1  0 - 10124  0  0  0 -127
C3542  1 257 0   1172   1697  7  0 - 10122  0  0  0 -127
C3543  1 257 0   1332   1697  1  0 - 10125  0  0  0 -127
C3546  1 257 0   1172   1793  7  0 - 10126  0  0  0 -127
C3547  1 257 0   1332   1793  1  0 - 10128  0  0  0 -127
C3550  1 257 0   1172   1889  5  0 - 10222  0  0  0 -127
C3552  1 257 0   1172   1985  5  0 - 10223  0  0  0 -127
C3555  1 257 0   1012   2081  1  0 - 10123  0  0  0 -127
C3561  1 2561 0    852   2321  7  0 - 10130  0  0  0 -127
C3562  1 2049 0   1012   2321  4  0 - 10111  0  0  0 -127
C3563  1 257 0   1172   2321  7  0 - 10131  0  0  0 -127
C3564  1 257 0   1332   2321  1  0 - 10134  0  0  0 -127
C3567  1 257 0   1172   2417  7  0 - 10132  0  0  0 -127
C3568  1 257 0   1332   2417  1  0 - 10135  0  0  0 -127
C3571  1 257 0   1172   2513  4  0 - 10312  0  0  0 -127
C3573  1 513 0   1172   2609  4  0 - 10313  0  0  0 -127
C3577  1 257 0   1012   2753  1  0 - 10133  0  0  0 -127
C3582  1 257 0    852   2945  3  0 - 10405  0  0  0 -127
C3584  1 257 0    852   3041  3  0 - 10410  0  0  0 -127
C3589  1 769 0    852   3281  3  0 - 10510  0  0  0 -127
C7313  1 1025 0   -292   -161  2  0 - 10417  0  0  0 -127
C7314  1 257 0   -132   -161  1  0 - 10418  0  0  0 -127
C7318  1 513 0   -132    -65  2  0 - 10416  0  0  0 -127
C14649  1 257 0   -344   3554  3  0 - 10500  0  0  0 -127
C806  9 3 0    560      0  0  0 -  1 10424 10425  0 87
C807  9 -1 0    400      0  0  0 -  1 10424 10401  0 87
C810  9 3 0    560     96  0  0 -  1 10426 10427  0 87
C811  9 -1 0    400     96  0  0 -  1 10426 10401  0 87
C814  9 3 0    560    192  0  0 -  1 10428 10429  0 87
C815  9 -1 0    400    192  0  0 -  1 10428 10401  0 87
C833  9 3 0    240      0  0  0 -  1 10422 10401  0 87
C835  9 3 0    240   1056  0  0 -  1 10422 10423  0 87
C836  9 3 0     80      0  0  0 -  1 10400 10422  0 87
C837  9 3 0     80   1152  0  0 -  1 10400 10424  0 87
C838  9 3 0     80   1200  0  0 -  1 10400 10426  0 87
C839  9 3 0     80   1248  0  0 -  1 10400 10428  0 87
C1716  9 -1 0    772      0  0  0 -  1 10006 10005  0 87
C1718 23   3 0    932     48  5  0 -  1 10010  0  0 -52 0
C1719 23   3 0    932     96  5  0 -  2 10010  0  0 -52 0
C1721  9 3 0    932    144  0  0 -  1 10010 10014  0 87
C1730  9 -1 0    772     48  0  0 -  1 10010 10005  0 87
C1731  9 3 0    612      0  0  0 -  1 10007 10005  0 87
C3534 23   3 0    772   1521  3  0 -  1 10110  0  0 -52 0
C3537 23   3 0   1092   1569  5  0 -  1 10012  0  0 -52 0
C3540  9 3 0   1252   1617  0  0 -  1 10121 10124  0 87
C3541  9 3 0   1092   1617  0  0 -  1 10012 10121  0 87
C3544  9 3 0   1252   1713  0  0 -  1 10122 10125  0 87
C3545  9 3 0   1092   1713  0  0 -  1 10012 10122  0 87
C3548  9 3 0   1252   1809  0  0 -  1 10126 10128  0 87
C3549  9 3 0   1092   1809  0  0 -  1 10012 10126  0 87
C3554  9 -1 0    932   1569  0  0 -  1 10012 10120  0 87
C3556  9 3 0    932   2097  0  0 -  1 10120 10123  0 87
C3557  9 -1 0    772   1569  0  0 -  1 10120 10110  0 87
C3558  9 -1 0    772   2193  0  0 -  1 10121 10110  0 87
C3559  9 -1 0    772   2241  0  0 -  1 10122 10110  0 87
C3560  9 -1 0    772   2289  0  0 -  1 10126 10110  0 87
C3565  9 3 0   1252   2337  0  0 -  1 10131 10134  0 87
C3566  9 -1 0   1092   2337  0  0 -  1 10131 10111  0 87
C3569  9 3 0   1252   2433  0  0 -  1 10132 10135  0 87
C3570  9 -1 0   1092   2433  0  0 -  1 10132 10111  0 87
C3576  9 3 0    932   2337  0  0 -  1 10130 10111  0 87
C3578  9 3 0    932   2769  0  0 -  1 10130 10133  0 87
C3579  9 3 0    772   2337  0  0 -  1 10110 10130  0 87
C3580  9 3 0    772   2865  0  0 -  1 10110 10131  0 87
C3581  9 3 0    772   2913  0  0 -  1 10110 10132  0 87
C7315  5 3 0    -52   -145  1  0 -  1 10418  0  0 87
C7316  9 3 0   -212   -145  0  0 -  1 10417 10418  0 87
C7317  9 3 0   -212    -97  0  0 -  2 10417 10418  0 87
!      ---- Linhas ----
!Numero Tipo hac sl De Para ch1 nsg segmentos
L817 14 0 0 816 803  1  1 381 
L819 14 0 0 803 818  1  1 382 
L820 14 0 0 803 818  2  1 383 
L822 14 0 0 803 821  1  1 384 
L823 14 0 0 803 821  2  1 385 
L824 14 0 0 803 821  3  1 386 
L826 14 0 0 803 825  1  1 387 
L828 14 0 0 803 827  1  1 388 
L830 14 0 0 829 803  1  1 389 
L832 14 1 0 831 803  1  1 390 
L841 14 0 0 840 801  1  1 403 
L842 14 0 0 840 801  2  1 404 
L844 14 0 0 801 843  1  1 405 
L1723 14 0 0 1717 1722  1  1 834 
L1725 14 0 0 1717 1724  1  1 835 
L1727 14 0 0 1717 1726  1  1 836 
L1729 14 0 0 1717 1728  1  1 837 
L1733 14 0 0 1713 1732  1  1 842 
L1734 14 0 0 1713 1732  2  1 843 
L1736 14 0 0 1713 1735  1  1 844 
L3551 14 0 0 3536 3550  1  1 1759 
L3553 14 0 0 3536 3552  1  1 1760 
L3572 14 0 0 3562 3571  1  1 1781 
L3574 14 0 0 3562 3573  1  1 1782 
L3575 14 0 0 3562 3573  2  1 1783 
L3583 14 0 0 3582 840  1  1 1794 
L3585 14 0 0 3584 840  1  1 1795 
L3590 14 0 0 840 3589  1  1 1798 
L3591 14 0 0 840 3589  2  1 1799 
L3592 14 0 0 840 3589  3  1 1800 
L7319 14 0 0 7318 7313  1  1 3725 
L7320 14 0 0 7318 7313  2  1 3726 
L14650 14 0 0 843 14649  1  1 7456 
!     ---- Ligacoes ----
!Numero Flags cor Inic Coni Fin Conf Linhas nqb quebras
U369 0  7 806   1 804   2  -1   0 
U370 0  1 806   2 805   2  -1   0 
U371 0  2 807   2 803   2  -1   0 
U372 0  7 807   1 804   2  -1   0 
U373 0  7 810   1 808   2  -1   0 
U374 0  1 810   2 809   2  -1   0 
U375 0  2 811   2 803   8  -1   0 
U376 0  7 811   1 808   2  -1   0 
U377 0  7 814   1 812   2  -1   0 
U378 0  1 814   2 813   2  -1   0 
U379 0  2 815   2 803  14  -1   0 
U380 0  7 815   1 812   2  -1   0 
U381 0  2 803  20 816   2 817   0 
U382 0  2 803  26 818   2 819   0 
U383 0  2 803  29 818   5 820   0 
U384 0  2 803  35 821   2 822   0 
U385 0  2 803  38 821   5 823   0 
U386 0  2 803  41 821   8 824   0 
U387 0  2 803  47 825   2 826   0 
U388 0  2 803  53 827   2 828   0 
U389 0  2 803  59 829   2 830   0 
U390 0  2 803  65 831   2 832   0 
U391 0  7 833   1 802   2  -1   0 
U392 0  2 833   2 803   2  -1   0 
U393 0  7 835   1 802  68  -1   0 
U394 0  1 835   2 834   2  -1   0 
U395 0  3 836   1 801   2  -1   0 
U396 0  7 836   2 802   2  -1   0 
U397 0  3 837   1 801  74  -1   0 
U398 0  7 837   2 804   2  -1   0 
U399 0  3 838   1 801  77  -1   0 
U400 0  7 838   2 808   2  -1   0 
U401 0  3 839   1 801  80  -1   0 
U402 0  7 839   2 812   2  -1   0 
U403 0  3 801  83 840   2 841   0 
U404 0  3 801  86 840   5 842   0 
U405 0  3 801  92 843   2 844   0 
U828 0  7 1716   2 1714   2  -1   0 
U829 0  1 1716   1 1715   2  -1   0 
U830 0  5 1718   1 1717   2  -1   0 
U831 0  5 1719   1 1717   5  -1   0 
U832 0  5 1721   1 1717   8  -1   0 
U833 0  1 1721   2 1720   2  -1   0 
U834 0  5 1717  11 1722   2 1723   0 
U835 0  5 1717  17 1724   2 1725   0 
U836 0  5 1717  23 1726   2 1727   0 
U837 0  5 1717  29 1728   2 1729   0 
U838 0  7 1730   2 1714   5  -1   0 
U839 0  5 1730   1 1717   2  -1   0 
U840 0  4 1731   1 1713   2  -1   0 
U841 0  7 1731   2 1714   2  -1   0 
U842 0  4 1713  38 1732   2 1733   0 
U843 0  4 1713  41 1732   5 1734   0 
U844 0  4 1713  47 1735   2 1736   0 
U1745 0  3 3534   1 840   2  -1   0 
U1746 0  5 3537   1 3536   2  -1   0 
U1747 0  7 3540   1 3538   2  -1   0 
U1748 0  1 3540   2 3539   2  -1   0 
U1749 0  5 3541   1 3536   5  -1   0 
U1750 0  7 3541   2 3538   2  -1   0 
U1751 0  7 3544   1 3542   2  -1   0 
U1752 0  1 3544   2 3543   2  -1   0 
U1753 0  5 3545   1 3536  11  -1   0 
U1754 0  7 3545   2 3542   2  -1   0 
U1755 0  7 3548   1 3546   2  -1   0 
U1756 0  1 3548   2 3547   2  -1   0 
U1757 0  5 3549   1 3536  17  -1   0 
U1758 0  7 3549   2 3546   2  -1   0 
U1759 0  5 3536  23 3550   2 3551   0 
U1760 0  5 3536  29 3552   2 3553   0 
U1761 0  7 3554   2 3535   2  -1   0 
U1762 0  5 3554   1 3536   2  -1   0 
U1763 0  7 3556   1 3535  35  -1   0 
U1764 0  1 3556   2 3555   2  -1   0 
U1765 0  3 3557   2 840   5  -1   0 
U1766 0  7 3557   1 3535   2  -1   0 
U1767 0  3 3558   2 840  44  -1   0 
U1768 0  7 3558   1 3538   2  -1   0 
U1769 0  3 3559   2 840  47  -1   0 
U1770 0  7 3559   1 3542   2  -1   0 
U1771 0  3 3560   2 840  50  -1   0 
U1772 0  7 3560   1 3546   2  -1   0 
U1773 0  7 3565   1 3563   2  -1   0 
U1774 0  1 3565   2 3564   2  -1   0 
U1775 0  4 3566   2 3562   2  -1   0 
U1776 0  7 3566   1 3563   2  -1   0 
U1777 0  7 3569   1 3567   2  -1   0 
U1778 0  1 3569   2 3568   2  -1   0 
U1779 0  4 3570   2 3562   8  -1   0 
U1780 0  7 3570   1 3567   2  -1   0 
U1781 0  4 3562  14 3571   2 3572   0 
U1782 0  4 3562  20 3573   2 3574   0 
U1783 0  4 3562  23 3573   5 3575   0 
U1784 0  7 3576   1 3561   2  -1   0 
U1785 0  4 3576   2 3562   2  -1   0 
U1786 0  7 3578   1 3561  29  -1   0 
U1787 0  1 3578   2 3577   2  -1   0 
U1788 0  3 3579   1 840  53  -1   0 
U1789 0  7 3579   2 3561   2  -1   0 
U1790 0  3 3580   1 840  86  -1   0 
U1791 0  7 3580   2 3563   2  -1   0 
U1792 0  3 3581   1 840  89  -1   0 
U1793 0  7 3581   2 3567   2  -1   0 
U1794 0  3 840  92 3582   2 3583   0 
U1795 0  3 840  98 3584   2 3585   0 
U1798 0  3 840 113 3589   2 3590   0 
U1799 0  3 840 116 3589   5 3591   0 
U1800 0  3 840 119 3589   8 3592   0 
U3720 0  1 7315   1 7314   2  -1   0 
U3721 0  2 7316   1 7313   2  -1   0 
U3722 0  1 7316   2 7314   2  -1   0 
U3723 0  2 7317   1 7313   5  -1   0 
U3724 0  1 7317   2 7314   2  -1   0 
U3725 0  2 7313   8 7318   2 7319   0 
U3726 0  2 7313  11 7318   5 7320   0 
U7456 0  3 843   8 14649   2 14650   0 
!    ---- Posição de Legenda de Componentes ----
!NumCompo Label Rot Px Py
!     ---- Posição de Legenda de Ligacoes ----
!Lado NumLig Label Px Py
